2025-05-15 11:43:24 INFO  r.s.s.SpringBooksApplication - Starting SpringBooksApplication using Java 23.0.2 with PID 3040 (D:\VADIM\JAVA\springBooks\target\classes started by HP in D:\VADIM\JAVA\springBooks)
2025-05-15 11:43:24 INFO  r.s.s.SpringBooksApplication - No active profile set, falling back to 1 default profile: "default"
2025-05-15 11:43:25 INFO  o.s.b.d.e.DevToolsPropertyDefaultsPostProcessor - Devtools property defaults active! Set 'spring.devtools.add-properties' to 'false' to disable
2025-05-15 11:43:25 INFO  o.s.b.d.e.DevToolsPropertyDefaultsPostProcessor - For additional web related logging consider setting the 'logging.level.web' property to 'DEBUG'
2025-05-15 11:43:27 INFO  o.s.d.r.c.RepositoryConfigurationDelegate - Bootstrapping Spring Data JPA repositories in DEFAULT mode.
2025-05-15 11:43:27 INFO  o.s.d.r.c.RepositoryConfigurationDelegate - Finished Spring Data repository scanning in 209 ms. Found 4 JPA repository interfaces.
2025-05-15 11:43:31 INFO  o.s.b.w.e.tomcat.TomcatWebServer - Tomcat initialized with port 8080 (http)
2025-05-15 11:43:31 INFO  o.a.coyote.http11.Http11NioProtocol - Initializing ProtocolHandler ["http-nio-8080"]
2025-05-15 11:43:31 INFO  o.a.catalina.core.StandardService - Starting service [Tomcat]
2025-05-15 11:43:31 INFO  o.a.catalina.core.StandardEngine - Starting Servlet engine: [Apache Tomcat/10.1.39]
2025-05-15 11:43:31 INFO  o.a.c.c.C.[Tomcat].[localhost].[/] - Initializing Spring embedded WebApplicationContext
2025-05-15 11:43:31 INFO  o.s.b.w.s.c.ServletWebServerApplicationContext - Root WebApplicationContext: initialization completed in 6212 ms
2025-05-15 11:43:31 INFO  o.h.jpa.internal.util.LogHelper - HHH000204: Processing PersistenceUnitInfo [name: default]
2025-05-15 11:43:32 INFO  org.hibernate.Version - HHH000412: Hibernate ORM core version 6.6.11.Final
2025-05-15 11:43:32 INFO  o.h.c.i.RegionFactoryInitiator - HHH000026: Second-level cache disabled
2025-05-15 11:43:32 INFO  o.s.o.j.p.SpringPersistenceUnitInfo - No LoadTimeWeaver setup: ignoring JPA class transformer
2025-05-15 11:43:32 INFO  com.zaxxer.hikari.HikariDataSource - HikariPool-1 - Starting...
2025-05-15 11:43:33 INFO  com.zaxxer.hikari.pool.HikariPool - HikariPool-1 - Added connection com.mysql.cj.jdbc.ConnectionImpl@26785242
2025-05-15 11:43:33 INFO  com.zaxxer.hikari.HikariDataSource - HikariPool-1 - Start completed.
2025-05-15 11:43:34 WARN  org.hibernate.orm.deprecation - HHH90000025: MySQL8Dialect does not need to be specified explicitly using 'hibernate.dialect' (remove the property setting and it will be selected by default)
2025-05-15 11:43:34 WARN  org.hibernate.orm.deprecation - HHH90000026: MySQL8Dialect has been deprecated; use org.hibernate.dialect.MySQLDialect instead
2025-05-15 11:43:34 INFO  o.hibernate.orm.connections.pooling - HHH10001005: Database info:
	Database JDBC URL [Connecting through datasource 'HikariDataSource (HikariPool-1)']
	Database driver: undefined/unknown
	Database version: 8.0
	Autocommit mode: undefined/unknown
	Isolation level: undefined/unknown
	Minimum pool size: undefined/unknown
	Maximum pool size: undefined/unknown
2025-05-15 11:43:37 INFO  o.h.e.t.j.p.i.JtaPlatformInitiator - HHH000489: No JTA platform available (set 'hibernate.transaction.jta.platform' to enable JTA platform integration)
2025-05-15 11:43:38 INFO  o.s.o.j.LocalContainerEntityManagerFactoryBean - Initialized JPA EntityManagerFactory for persistence unit 'default'
2025-05-15 11:43:41 INFO  o.s.d.j.r.query.QueryEnhancerFactory - Hibernate is in classpath; If applicable, HQL parser will be used.
2025-05-15 11:43:45 WARN  o.s.b.a.o.j.JpaBaseConfiguration$JpaWebConfiguration - spring.jpa.open-in-view is enabled by default. Therefore, database queries may be performed during view rendering. Explicitly configure spring.jpa.open-in-view to disable this warning
2025-05-15 11:43:45 INFO  o.s.v.b.OptionalValidatorFactoryBean - Failed to set up a Bean Validation provider: jakarta.validation.NoProviderFoundException: Unable to create a Configuration, because no Jakarta Bean Validation provider could be found. Add a provider like Hibernate Validator (RI) to your classpath.
2025-05-15 11:43:48 INFO  o.s.b.d.a.OptionalLiveReloadServer - LiveReload server is running on port 35729
2025-05-15 11:43:48 INFO  o.a.coyote.http11.Http11NioProtocol - Starting ProtocolHandler ["http-nio-8080"]
2025-05-15 11:43:48 INFO  o.s.b.w.e.tomcat.TomcatWebServer - Tomcat started on port 8080 (http) with context path '/'
2025-05-15 11:43:48 INFO  r.s.s.SpringBooksApplication - Started SpringBooksApplication in 25.551 seconds (process running for 27.628)
2025-05-15 11:43:55 INFO  o.a.c.c.C.[Tomcat].[localhost].[/] - Initializing Spring DispatcherServlet 'dispatcherServlet'
2025-05-15 11:43:55 INFO  o.s.web.servlet.DispatcherServlet - Initializing Servlet 'dispatcherServlet'
2025-05-15 11:43:56 INFO  o.s.web.servlet.DispatcherServlet - Completed initialization in 8 ms
2025-05-15 11:43:56 INFO  r.s.s.aspects.LoggingAspect - << findAllLibraries() - result: [Library(id=26, name=Национальная библиотека, address=Проспект Независимости 154 ), Library(id=27, name=Детская библиотека 35, address=Стариновская 25), Library(id=28, name=Библиотека имени Пушкина, address=Улица Ковалевская дом 24), Library(id=29, name=Библиотека 12, address=Улица 9 кракена 22)]
2025-05-15 11:43:56 INFO  r.s.s.aspects.LoggingAspect - << incrementVisitCount() - result: null
2025-05-15 11:44:00 INFO  r.s.s.s.impl.RequestServiceImpl - Updated 0 overdue requests
2025-05-15 11:44:04 INFO  o.s.b.w.e.tomcat.GracefulShutdown - Commencing graceful shutdown. Waiting for active requests to complete
2025-05-15 11:44:04 INFO  o.s.b.w.e.tomcat.GracefulShutdown - Graceful shutdown complete
2025-05-15 11:44:04 INFO  r.s.springbooks.utils.CustomCache - Shutting down cache executor...
2025-05-15 11:44:04 INFO  r.s.springbooks.utils.CustomCache - Shutting down cache executor...
2025-05-15 11:44:04 INFO  r.s.springbooks.utils.CustomCache - Shutting down cache executor...
2025-05-15 11:44:04 INFO  r.s.springbooks.utils.CustomCache - Shutting down cache executor...
2025-05-15 11:44:04 INFO  o.s.o.j.LocalContainerEntityManagerFactoryBean - Closing JPA EntityManagerFactory for persistence unit 'default'
2025-05-15 11:44:04 INFO  com.zaxxer.hikari.HikariDataSource - HikariPool-1 - Shutdown initiated...
2025-05-15 11:44:04 INFO  com.zaxxer.hikari.HikariDataSource - HikariPool-1 - Shutdown completed.
2025-05-15 22:59:52 INFO  r.s.s.SpringBooksApplication - Starting SpringBooksApplication using Java 23.0.2 with PID 9492 (D:\VADIM\JAVA\springBooks\target\classes started by HP in D:\VADIM\JAVA\springBooks)
2025-05-15 22:59:52 INFO  r.s.s.SpringBooksApplication - No active profile set, falling back to 1 default profile: "default"
2025-05-15 22:59:53 INFO  o.s.b.d.e.DevToolsPropertyDefaultsPostProcessor - Devtools property defaults active! Set 'spring.devtools.add-properties' to 'false' to disable
2025-05-15 22:59:53 INFO  o.s.b.d.e.DevToolsPropertyDefaultsPostProcessor - For additional web related logging consider setting the 'logging.level.web' property to 'DEBUG'
2025-05-15 22:59:55 INFO  o.s.d.r.c.RepositoryConfigurationDelegate - Bootstrapping Spring Data JPA repositories in DEFAULT mode.
2025-05-15 22:59:55 INFO  o.s.d.r.c.RepositoryConfigurationDelegate - Finished Spring Data repository scanning in 82 ms. Found 4 JPA repository interfaces.
2025-05-15 22:59:56 INFO  o.s.b.w.e.tomcat.TomcatWebServer - Tomcat initialized with port 8080 (http)
2025-05-15 22:59:56 INFO  o.a.coyote.http11.Http11NioProtocol - Initializing ProtocolHandler ["http-nio-8080"]
2025-05-15 22:59:56 INFO  o.a.catalina.core.StandardService - Starting service [Tomcat]
2025-05-15 22:59:56 INFO  o.a.catalina.core.StandardEngine - Starting Servlet engine: [Apache Tomcat/10.1.39]
2025-05-15 22:59:56 INFO  o.a.c.c.C.[Tomcat].[localhost].[/] - Initializing Spring embedded WebApplicationContext
2025-05-15 22:59:56 INFO  o.s.b.w.s.c.ServletWebServerApplicationContext - Root WebApplicationContext: initialization completed in 3923 ms
2025-05-15 22:59:57 INFO  o.h.jpa.internal.util.LogHelper - HHH000204: Processing PersistenceUnitInfo [name: default]
2025-05-15 22:59:57 INFO  org.hibernate.Version - HHH000412: Hibernate ORM core version 6.6.11.Final
2025-05-15 22:59:57 INFO  o.h.c.i.RegionFactoryInitiator - HHH000026: Second-level cache disabled
2025-05-15 22:59:57 INFO  o.s.o.j.p.SpringPersistenceUnitInfo - No LoadTimeWeaver setup: ignoring JPA class transformer
2025-05-15 22:59:57 INFO  com.zaxxer.hikari.HikariDataSource - HikariPool-1 - Starting...
2025-05-15 22:59:58 INFO  com.zaxxer.hikari.pool.HikariPool - HikariPool-1 - Added connection com.mysql.cj.jdbc.ConnectionImpl@7229f852
2025-05-15 22:59:58 INFO  com.zaxxer.hikari.HikariDataSource - HikariPool-1 - Start completed.
2025-05-15 22:59:58 WARN  org.hibernate.orm.deprecation - HHH90000025: MySQL8Dialect does not need to be specified explicitly using 'hibernate.dialect' (remove the property setting and it will be selected by default)
2025-05-15 22:59:58 WARN  org.hibernate.orm.deprecation - HHH90000026: MySQL8Dialect has been deprecated; use org.hibernate.dialect.MySQLDialect instead
2025-05-15 22:59:58 INFO  o.hibernate.orm.connections.pooling - HHH10001005: Database info:
	Database JDBC URL [Connecting through datasource 'HikariDataSource (HikariPool-1)']
	Database driver: undefined/unknown
	Database version: 8.0
	Autocommit mode: undefined/unknown
	Isolation level: undefined/unknown
	Minimum pool size: undefined/unknown
	Maximum pool size: undefined/unknown
2025-05-15 22:59:59 INFO  o.h.e.t.j.p.i.JtaPlatformInitiator - HHH000489: No JTA platform available (set 'hibernate.transaction.jta.platform' to enable JTA platform integration)
2025-05-15 22:59:59 INFO  o.s.o.j.LocalContainerEntityManagerFactoryBean - Initialized JPA EntityManagerFactory for persistence unit 'default'
2025-05-15 23:00:00 INFO  o.s.d.j.r.query.QueryEnhancerFactory - Hibernate is in classpath; If applicable, HQL parser will be used.
2025-05-15 23:00:01 WARN  o.s.b.a.o.j.JpaBaseConfiguration$JpaWebConfiguration - spring.jpa.open-in-view is enabled by default. Therefore, database queries may be performed during view rendering. Explicitly configure spring.jpa.open-in-view to disable this warning
2025-05-15 23:00:01 INFO  o.s.v.b.OptionalValidatorFactoryBean - Failed to set up a Bean Validation provider: jakarta.validation.NoProviderFoundException: Unable to create a Configuration, because no Jakarta Bean Validation provider could be found. Add a provider like Hibernate Validator (RI) to your classpath.
2025-05-15 23:00:02 INFO  o.s.b.d.a.OptionalLiveReloadServer - LiveReload server is running on port 35729
2025-05-15 23:00:02 INFO  o.a.coyote.http11.Http11NioProtocol - Starting ProtocolHandler ["http-nio-8080"]
2025-05-15 23:00:02 INFO  o.s.b.w.e.tomcat.TomcatWebServer - Tomcat started on port 8080 (http) with context path '/'
2025-05-15 23:00:02 INFO  r.s.s.SpringBooksApplication - Started SpringBooksApplication in 10.813 seconds (process running for 13.281)
2025-05-15 23:00:40 INFO  o.a.c.c.C.[Tomcat].[localhost].[/] - Initializing Spring DispatcherServlet 'dispatcherServlet'
2025-05-15 23:00:40 INFO  o.s.web.servlet.DispatcherServlet - Initializing Servlet 'dispatcherServlet'
2025-05-15 23:00:40 INFO  o.s.web.servlet.DispatcherServlet - Completed initialization in 0 ms
2025-05-15 23:00:40 INFO  r.s.s.aspects.LoggingAspect - << findAllLibraries() - result: [Library(id=26, name=Национальная библиотека, address=Проспект Независимости 154 ), Library(id=27, name=Детская библиотека 35, address=Стариновская 25), Library(id=28, name=Библиотека имени Пушкина, address=Улица Ковалевская дом 24), Library(id=29, name=Библиотека 12, address=Улица 9 кракена 22)]
2025-05-15 23:00:40 INFO  r.s.s.aspects.LoggingAspect - << incrementVisitCount() - result: null
2025-05-15 23:00:40 INFO  r.s.s.aspects.LoggingAspect - << findAllLibraries() - result: [Library(id=26, name=Национальная библиотека, address=Проспект Независимости 154 ), Library(id=27, name=Детская библиотека 35, address=Стариновская 25), Library(id=28, name=Библиотека имени Пушкина, address=Улица Ковалевская дом 24), Library(id=29, name=Библиотека 12, address=Улица 9 кракена 22)]
2025-05-15 23:00:40 INFO  r.s.s.aspects.LoggingAspect - << incrementVisitCount() - result: null
2025-05-15 23:00:41 INFO  r.s.s.aspects.LoggingAspect - << getBooksByLibraryId() - result: [Book(id=56, title=Что тут происходит, author=Минесота чарлетс, year=2020), Book(id=57, title=Привет Андрей, author=Сколько мы, year=2021)]
2025-05-15 23:00:41 INFO  r.s.s.aspects.LoggingAspect - << incrementVisitCount() - result: null
2025-05-15 23:00:44 INFO  r.s.s.aspects.LoggingAspect - << getBooksByLibraryId() - result: []
2025-05-15 23:00:44 INFO  r.s.s.aspects.LoggingAspect - << incrementVisitCount() - result: null
2025-05-15 23:00:45 INFO  r.s.s.aspects.LoggingAspect - << getBooksByLibraryId() - result: [Book(id=56, title=Что тут происходит, author=Минесота чарлетс, year=2020), Book(id=57, title=Привет Андрей, author=Сколько мы, year=2021)]
2025-05-15 23:00:45 INFO  r.s.s.aspects.LoggingAspect - << incrementVisitCount() - result: null
2025-05-15 23:00:48 INFO  r.s.s.aspects.LoggingAspect - << findAllLibraries() - result: [Library(id=26, name=Национальная библиотека, address=Проспект Независимости 154 ), Library(id=27, name=Детская библиотека 35, address=Стариновская 25), Library(id=28, name=Библиотека имени Пушкина, address=Улица Ковалевская дом 24), Library(id=29, name=Библиотека 12, address=Улица 9 кракена 22)]
2025-05-15 23:00:48 INFO  r.s.s.aspects.LoggingAspect - << incrementVisitCount() - result: null
2025-05-15 23:00:48 INFO  r.s.s.aspects.LoggingAspect - << findAllLibraries() - result: [Library(id=26, name=Национальная библиотека, address=Проспект Независимости 154 ), Library(id=27, name=Детская библиотека 35, address=Стариновская 25), Library(id=28, name=Библиотека имени Пушкина, address=Улица Ковалевская дом 24), Library(id=29, name=Библиотека 12, address=Улица 9 кракена 22)]
2025-05-15 23:00:48 INFO  r.s.s.aspects.LoggingAspect - << incrementVisitCount() - result: null
2025-05-15 23:00:52 INFO  r.s.s.aspects.LoggingAspect - << incrementVisitCount() - result: null
2025-05-15 23:00:52 INFO  r.s.s.aspects.LoggingAspect - >> saveLibrary() - args: [Library(id=null, name=vfvfv, address=vfvfvf)]
2025-05-15 23:00:52 INFO  r.s.springbooks.utils.CustomCache - Added entry: 30=Library(id=30, name=vfvfv, address=vfvfvf) (Cache size: 1)
2025-05-15 23:00:52 INFO  r.s.s.s.impl.LibraryServiceImpl - Library saved and added to cache: Library(id=30, name=vfvfv, address=vfvfvf)
2025-05-15 23:00:52 INFO  r.s.s.aspects.LoggingAspect - << saveLibrary() - result: Library(id=30, name=vfvfv, address=vfvfvf)
2025-05-15 23:00:52 INFO  r.s.s.aspects.LoggingAspect - << incrementVisitCount() - result: null
2025-05-15 23:00:52 INFO  r.s.s.aspects.LoggingAspect - << findAllLibraries() - result: [Library(id=26, name=Национальная библиотека, address=Проспект Независимости 154 ), Library(id=27, name=Детская библиотека 35, address=Стариновская 25), Library(id=28, name=Библиотека имени Пушкина, address=Улица Ковалевская дом 24), Library(id=29, name=Библиотека 12, address=Улица 9 кракена 22), Library(id=30, name=vfvfv, address=vfvfvf)]
2025-05-15 23:00:52 INFO  r.s.s.aspects.LoggingAspect - << incrementVisitCount() - result: null
2025-05-15 23:00:54 INFO  r.s.s.aspects.LoggingAspect - << incrementVisitCount() - result: null
2025-05-15 23:00:54 INFO  r.s.s.aspects.LoggingAspect - >> deleteLibrary() - args: [30]
2025-05-15 23:00:54 INFO  r.s.springbooks.utils.CustomCache - Removed entry: 30=Library(id=30, name=vfvfv, address=vfvfvf) (Cache size: 0)
2025-05-15 23:00:54 INFO  r.s.s.s.impl.LibraryServiceImpl - Library deleted from DB and cache: 30
2025-05-15 23:00:54 INFO  r.s.s.aspects.LoggingAspect - << deleteLibrary() - result: true
2025-05-15 23:00:54 INFO  r.s.s.aspects.LoggingAspect - << incrementVisitCount() - result: null
2025-05-15 23:00:54 INFO  r.s.s.aspects.LoggingAspect - << findAllLibraries() - result: [Library(id=26, name=Национальная библиотека, address=Проспект Независимости 154 ), Library(id=27, name=Детская библиотека 35, address=Стариновская 25), Library(id=28, name=Библиотека имени Пушкина, address=Улица Ковалевская дом 24), Library(id=29, name=Библиотека 12, address=Улица 9 кракена 22)]
2025-05-15 23:00:54 INFO  r.s.s.aspects.LoggingAspect - << incrementVisitCount() - result: null
2025-05-15 23:01:00 INFO  r.s.s.s.impl.RequestServiceImpl - Updated 0 overdue requests
2025-05-15 23:01:52 INFO  r.s.springbooks.utils.CustomCache - Automatically removed entry: 30 (Cache size: 0)
2025-05-15 23:02:00 INFO  r.s.s.s.impl.RequestServiceImpl - Updated 0 overdue requests
2025-05-15 23:03:00 INFO  r.s.s.s.impl.RequestServiceImpl - Updated 0 overdue requests
2025-05-15 23:04:00 INFO  r.s.s.s.impl.RequestServiceImpl - Updated 0 overdue requests
2025-05-15 23:05:00 INFO  r.s.s.s.impl.RequestServiceImpl - Updated 0 overdue requests
