2025-04-06 13:24:30 INFO  r.s.s.SpringBooksApplication - Starting SpringBooksApplication using Java 23.0.2 with PID 5592 (D:\VADIM\JAVA\springBooks\target\classes started by HP in D:\VADIM\JAVA\springBooks)
2025-04-06 13:24:30 INFO  r.s.s.SpringBooksApplication - No active profile set, falling back to 1 default profile: "default"
2025-04-06 13:24:30 INFO  o.s.b.d.e.DevToolsPropertyDefaultsPostProcessor - Devtools property defaults active! Set 'spring.devtools.add-properties' to 'false' to disable
2025-04-06 13:24:30 INFO  o.s.b.d.e.DevToolsPropertyDefaultsPostProcessor - For additional web related logging consider setting the 'logging.level.web' property to 'DEBUG'
2025-04-06 13:24:34 INFO  o.s.d.r.c.RepositoryConfigurationDelegate - Bootstrapping Spring Data JPA repositories in DEFAULT mode.
2025-04-06 13:24:34 INFO  o.s.d.r.c.RepositoryConfigurationDelegate - Finished Spring Data repository scanning in 267 ms. Found 4 JPA repository interfaces.
2025-04-06 13:24:37 INFO  o.s.b.w.e.tomcat.TomcatWebServer - Tomcat initialized with port 8080 (http)
2025-04-06 13:24:37 INFO  o.a.coyote.http11.Http11NioProtocol - Initializing ProtocolHandler ["http-nio-8080"]
2025-04-06 13:24:37 INFO  o.a.catalina.core.StandardService - Starting service [Tomcat]
2025-04-06 13:24:37 INFO  o.a.catalina.core.StandardEngine - Starting Servlet engine: [Apache Tomcat/10.1.39]
2025-04-06 13:24:37 INFO  o.a.c.c.C.[Tomcat].[localhost].[/] - Initializing Spring embedded WebApplicationContext
2025-04-06 13:24:37 INFO  o.s.b.w.s.c.ServletWebServerApplicationContext - Root WebApplicationContext: initialization completed in 7247 ms
2025-04-06 13:24:38 INFO  o.h.jpa.internal.util.LogHelper - HHH000204: Processing PersistenceUnitInfo [name: default]
2025-04-06 13:24:38 INFO  org.hibernate.Version - HHH000412: Hibernate ORM core version 6.6.11.Final
2025-04-06 13:24:38 INFO  o.h.c.i.RegionFactoryInitiator - HHH000026: Second-level cache disabled
2025-04-06 13:24:39 INFO  o.s.o.j.p.SpringPersistenceUnitInfo - No LoadTimeWeaver setup: ignoring JPA class transformer
2025-04-06 13:24:39 INFO  com.zaxxer.hikari.HikariDataSource - HikariPool-1 - Starting...
2025-04-06 13:24:41 INFO  com.zaxxer.hikari.pool.HikariPool - HikariPool-1 - Added connection com.mysql.cj.jdbc.ConnectionImpl@586e3488
2025-04-06 13:24:41 INFO  com.zaxxer.hikari.HikariDataSource - HikariPool-1 - Start completed.
2025-04-06 13:24:42 WARN  org.hibernate.orm.deprecation - HHH90000025: MySQL8Dialect does not need to be specified explicitly using 'hibernate.dialect' (remove the property setting and it will be selected by default)
2025-04-06 13:24:42 WARN  org.hibernate.orm.deprecation - HHH90000026: MySQL8Dialect has been deprecated; use org.hibernate.dialect.MySQLDialect instead
2025-04-06 13:24:42 INFO  o.hibernate.orm.connections.pooling - HHH10001005: Database info:
2025-04-06 13:24:44 INFO  o.h.e.t.j.p.i.JtaPlatformInitiator - HHH000489: No JTA platform available (set 'hibernate.transaction.jta.platform' to enable JTA platform integration)
2025-04-06 13:24:44 INFO  o.s.o.j.LocalContainerEntityManagerFactoryBean - Initialized JPA EntityManagerFactory for persistence unit 'default'
2025-04-06 13:24:46 INFO  o.s.d.j.r.query.QueryEnhancerFactory - Hibernate is in classpath; If applicable, HQL parser will be used.
2025-04-06 13:24:48 WARN  o.s.b.a.o.j.JpaBaseConfiguration$JpaWebConfiguration - spring.jpa.open-in-view is enabled by default. Therefore, database queries may be performed during view rendering. Explicitly configure spring.jpa.open-in-view to disable this warning
2025-04-06 13:24:48 INFO  o.s.v.b.OptionalValidatorFactoryBean - Failed to set up a Bean Validation provider: jakarta.validation.NoProviderFoundException: Unable to create a Configuration, because no Jakarta Bean Validation provider could be found. Add a provider like Hibernate Validator (RI) to your classpath.
2025-04-06 13:24:50 INFO  o.s.b.d.a.OptionalLiveReloadServer - LiveReload server is running on port 35729
2025-04-06 13:24:50 INFO  o.a.coyote.http11.Http11NioProtocol - Starting ProtocolHandler ["http-nio-8080"]
2025-04-06 13:24:50 INFO  o.s.b.w.e.tomcat.TomcatWebServer - Tomcat started on port 8080 (http) with context path '/'
2025-04-06 13:24:50 INFO  r.s.s.SpringBooksApplication - Started SpringBooksApplication in 21.368 seconds (process running for 27.805)
2025-04-06 13:36:38 INFO  o.s.b.w.e.tomcat.GracefulShutdown - Commencing graceful shutdown. Waiting for active requests to complete
2025-04-06 13:36:38 INFO  o.s.b.w.e.tomcat.GracefulShutdown - Graceful shutdown complete
2025-04-06 13:36:38 INFO  r.s.springbooks.utils.CustomCache - Shutting down cache executor...
2025-04-06 13:36:38 INFO  r.s.springbooks.utils.CustomCache - Shutting down cache executor...
2025-04-06 13:36:38 INFO  r.s.springbooks.utils.CustomCache - Shutting down cache executor...
2025-04-06 13:36:38 INFO  r.s.springbooks.utils.CustomCache - Shutting down cache executor...
2025-04-06 13:36:38 INFO  o.s.o.j.LocalContainerEntityManagerFactoryBean - Closing JPA EntityManagerFactory for persistence unit 'default'
2025-04-06 13:36:38 INFO  com.zaxxer.hikari.HikariDataSource - HikariPool-1 - Shutdown initiated...
2025-04-06 13:36:38 INFO  com.zaxxer.hikari.HikariDataSource - HikariPool-1 - Shutdown completed.
2025-04-06 13:55:49 INFO  r.s.s.SpringBooksApplication - Starting SpringBooksApplication using Java 23.0.2 with PID 2216 (D:\VADIM\JAVA\springBooks\target\classes started by HP in D:\VADIM\JAVA\springBooks)
2025-04-06 13:55:49 INFO  r.s.s.SpringBooksApplication - No active profile set, falling back to 1 default profile: "default"
2025-04-06 13:55:50 INFO  o.s.b.d.e.DevToolsPropertyDefaultsPostProcessor - Devtools property defaults active! Set 'spring.devtools.add-properties' to 'false' to disable
2025-04-06 13:55:50 INFO  o.s.b.d.e.DevToolsPropertyDefaultsPostProcessor - For additional web related logging consider setting the 'logging.level.web' property to 'DEBUG'
2025-04-06 13:55:52 INFO  o.s.d.r.c.RepositoryConfigurationDelegate - Bootstrapping Spring Data JPA repositories in DEFAULT mode.
2025-04-06 13:55:52 INFO  o.s.d.r.c.RepositoryConfigurationDelegate - Finished Spring Data repository scanning in 210 ms. Found 4 JPA repository interfaces.
2025-04-06 13:55:55 INFO  o.s.b.w.e.tomcat.TomcatWebServer - Tomcat initialized with port 8080 (http)
2025-04-06 13:55:55 INFO  o.a.coyote.http11.Http11NioProtocol - Initializing ProtocolHandler ["http-nio-8080"]
2025-04-06 13:55:55 INFO  o.a.catalina.core.StandardService - Starting service [Tomcat]
2025-04-06 13:55:55 INFO  o.a.catalina.core.StandardEngine - Starting Servlet engine: [Apache Tomcat/10.1.39]
2025-04-06 13:55:55 INFO  o.a.c.c.C.[Tomcat].[localhost].[/] - Initializing Spring embedded WebApplicationContext
2025-04-06 13:55:55 INFO  o.s.b.w.s.c.ServletWebServerApplicationContext - Root WebApplicationContext: initialization completed in 5156 ms
2025-04-06 13:55:55 INFO  o.h.jpa.internal.util.LogHelper - HHH000204: Processing PersistenceUnitInfo [name: default]
2025-04-06 13:55:56 INFO  org.hibernate.Version - HHH000412: Hibernate ORM core version 6.6.11.Final
2025-04-06 13:55:56 INFO  o.h.c.i.RegionFactoryInitiator - HHH000026: Second-level cache disabled
2025-04-06 13:55:56 INFO  o.s.o.j.p.SpringPersistenceUnitInfo - No LoadTimeWeaver setup: ignoring JPA class transformer
2025-04-06 13:55:56 INFO  com.zaxxer.hikari.HikariDataSource - HikariPool-1 - Starting...
2025-04-06 13:55:57 INFO  com.zaxxer.hikari.pool.HikariPool - HikariPool-1 - Added connection com.mysql.cj.jdbc.ConnectionImpl@7830b3f1
2025-04-06 13:55:57 INFO  com.zaxxer.hikari.HikariDataSource - HikariPool-1 - Start completed.
2025-04-06 13:55:57 WARN  org.hibernate.orm.deprecation - HHH90000025: MySQL8Dialect does not need to be specified explicitly using 'hibernate.dialect' (remove the property setting and it will be selected by default)
2025-04-06 13:55:57 WARN  org.hibernate.orm.deprecation - HHH90000026: MySQL8Dialect has been deprecated; use org.hibernate.dialect.MySQLDialect instead
2025-04-06 13:55:57 INFO  o.hibernate.orm.connections.pooling - HHH10001005: Database info:
2025-04-06 13:56:00 INFO  o.h.e.t.j.p.i.JtaPlatformInitiator - HHH000489: No JTA platform available (set 'hibernate.transaction.jta.platform' to enable JTA platform integration)
2025-04-06 13:56:01 INFO  o.s.o.j.LocalContainerEntityManagerFactoryBean - Initialized JPA EntityManagerFactory for persistence unit 'default'
2025-04-06 13:56:02 INFO  o.s.d.j.r.query.QueryEnhancerFactory - Hibernate is in classpath; If applicable, HQL parser will be used.
2025-04-06 13:56:05 WARN  o.s.b.a.o.j.JpaBaseConfiguration$JpaWebConfiguration - spring.jpa.open-in-view is enabled by default. Therefore, database queries may be performed during view rendering. Explicitly configure spring.jpa.open-in-view to disable this warning
2025-04-06 13:56:05 INFO  o.s.v.b.OptionalValidatorFactoryBean - Failed to set up a Bean Validation provider: jakarta.validation.NoProviderFoundException: Unable to create a Configuration, because no Jakarta Bean Validation provider could be found. Add a provider like Hibernate Validator (RI) to your classpath.
2025-04-06 13:56:07 INFO  o.s.b.d.a.OptionalLiveReloadServer - LiveReload server is running on port 35729
2025-04-06 13:56:07 INFO  o.a.coyote.http11.Http11NioProtocol - Starting ProtocolHandler ["http-nio-8080"]
2025-04-06 13:56:07 INFO  o.s.b.w.e.tomcat.TomcatWebServer - Tomcat started on port 8080 (http) with context path '/'
2025-04-06 13:56:07 INFO  r.s.s.SpringBooksApplication - Started SpringBooksApplication in 18.766 seconds (process running for 20.743)
2025-04-06 13:57:35 INFO  o.a.c.c.C.[Tomcat].[localhost].[/] - Initializing Spring DispatcherServlet 'dispatcherServlet'
2025-04-06 13:57:35 INFO  o.s.web.servlet.DispatcherServlet - Initializing Servlet 'dispatcherServlet'
2025-04-06 13:57:36 INFO  o.s.web.servlet.DispatcherServlet - Completed initialization in 8 ms
2025-04-06 13:57:36 INFO  r.s.springbooks.utils.CustomCache - Retrieved entry: 3=null (Cache size: 0)
2025-04-06 13:57:36 INFO  r.s.springbooks.utils.CustomCache - Added entry: 3=Book(id=3, title=дфд335, author=romуау4, year=1907) (Cache size: 1)
2025-04-06 13:57:36 INFO  r.s.s.service.impl.BookServiceImpl - Книга загружена из БД и добавлена в кеш: Book(id=3, title=дфд335, author=romуау4, year=1907)
2025-04-06 13:57:36 INFO  r.s.s.aspects.LoggingAspect - << getBookById() - result: Book(id=3, title=дфд335, author=romуау4, year=1907)
2025-04-06 13:57:41 INFO  r.s.springbooks.utils.CustomCache - Retrieved entry: 3=Book(id=3, title=дфд335, author=romуау4, year=1907) (Cache size: 1)
2025-04-06 13:57:41 INFO  r.s.s.service.impl.BookServiceImpl - Книга получена из кеша: Book(id=3, title=дфд335, author=romуау4, year=1907)
2025-04-06 13:57:41 INFO  r.s.s.aspects.LoggingAspect - << getBookById() - result: Book(id=3, title=дфд335, author=romуау4, year=1907)
2025-04-06 13:58:36 INFO  r.s.springbooks.utils.CustomCache - Removed entry: 3=Book(id=3, title=дфд335, author=romуау4, year=1907) (Cache size: 0)
2025-04-06 13:58:36 INFO  r.s.springbooks.utils.CustomCache - Automatically removed entry: 3 (Cache size: 0)
2025-04-06 14:00:00 INFO  r.s.s.s.impl.RequestServiceImpl - Updated 0 overdue requests
2025-04-06 14:06:46 INFO  o.s.b.w.e.tomcat.GracefulShutdown - Commencing graceful shutdown. Waiting for active requests to complete
2025-04-06 14:06:46 INFO  o.s.b.w.e.tomcat.GracefulShutdown - Graceful shutdown complete
2025-04-06 14:06:46 INFO  r.s.springbooks.utils.CustomCache - Shutting down cache executor...
2025-04-06 14:06:46 INFO  r.s.springbooks.utils.CustomCache - Shutting down cache executor...
2025-04-06 14:06:46 INFO  r.s.springbooks.utils.CustomCache - Shutting down cache executor...
2025-04-06 14:06:46 INFO  r.s.springbooks.utils.CustomCache - Shutting down cache executor...
2025-04-06 14:06:46 INFO  o.s.o.j.LocalContainerEntityManagerFactoryBean - Closing JPA EntityManagerFactory for persistence unit 'default'
2025-04-06 14:06:46 INFO  com.zaxxer.hikari.HikariDataSource - HikariPool-1 - Shutdown initiated...
2025-04-06 14:06:46 INFO  com.zaxxer.hikari.HikariDataSource - HikariPool-1 - Shutdown completed.
2025-04-06 14:06:55 INFO  r.s.s.SpringBooksApplication - Starting SpringBooksApplication using Java 23.0.2 with PID 696 (D:\VADIM\JAVA\springBooks\target\classes started by HP in D:\VADIM\JAVA\springBooks)
2025-04-06 14:06:55 INFO  r.s.s.SpringBooksApplication - No active profile set, falling back to 1 default profile: "default"
2025-04-06 14:06:56 INFO  o.s.b.d.e.DevToolsPropertyDefaultsPostProcessor - Devtools property defaults active! Set 'spring.devtools.add-properties' to 'false' to disable
2025-04-06 14:06:56 INFO  o.s.b.d.e.DevToolsPropertyDefaultsPostProcessor - For additional web related logging consider setting the 'logging.level.web' property to 'DEBUG'
2025-04-06 14:06:58 INFO  o.s.d.r.c.RepositoryConfigurationDelegate - Bootstrapping Spring Data JPA repositories in DEFAULT mode.
2025-04-06 14:06:58 INFO  o.s.d.r.c.RepositoryConfigurationDelegate - Finished Spring Data repository scanning in 158 ms. Found 4 JPA repository interfaces.
2025-04-06 14:07:02 INFO  o.s.b.w.e.tomcat.TomcatWebServer - Tomcat initialized with port 8080 (http)
2025-04-06 14:07:02 INFO  o.a.coyote.http11.Http11NioProtocol - Initializing ProtocolHandler ["http-nio-8080"]
2025-04-06 14:07:02 INFO  o.a.catalina.core.StandardService - Starting service [Tomcat]
2025-04-06 14:07:02 INFO  o.a.catalina.core.StandardEngine - Starting Servlet engine: [Apache Tomcat/10.1.39]
2025-04-06 14:07:02 INFO  o.a.c.c.C.[Tomcat].[localhost].[/] - Initializing Spring embedded WebApplicationContext
2025-04-06 14:07:02 INFO  o.s.b.w.s.c.ServletWebServerApplicationContext - Root WebApplicationContext: initialization completed in 6586 ms
2025-04-06 14:07:03 INFO  o.h.jpa.internal.util.LogHelper - HHH000204: Processing PersistenceUnitInfo [name: default]
2025-04-06 14:07:03 INFO  org.hibernate.Version - HHH000412: Hibernate ORM core version 6.6.11.Final
2025-04-06 14:07:04 INFO  o.h.c.i.RegionFactoryInitiator - HHH000026: Second-level cache disabled
2025-04-06 14:07:04 INFO  o.s.o.j.p.SpringPersistenceUnitInfo - No LoadTimeWeaver setup: ignoring JPA class transformer
2025-04-06 14:07:04 INFO  com.zaxxer.hikari.HikariDataSource - HikariPool-1 - Starting...
2025-04-06 14:07:05 INFO  com.zaxxer.hikari.pool.HikariPool - HikariPool-1 - Added connection com.mysql.cj.jdbc.ConnectionImpl@33b8124f
2025-04-06 14:07:05 INFO  com.zaxxer.hikari.HikariDataSource - HikariPool-1 - Start completed.
2025-04-06 14:07:06 WARN  org.hibernate.orm.deprecation - HHH90000025: MySQL8Dialect does not need to be specified explicitly using 'hibernate.dialect' (remove the property setting and it will be selected by default)
2025-04-06 14:07:06 WARN  org.hibernate.orm.deprecation - HHH90000026: MySQL8Dialect has been deprecated; use org.hibernate.dialect.MySQLDialect instead
2025-04-06 14:07:06 INFO  o.hibernate.orm.connections.pooling - HHH10001005: Database info:
2025-04-06 14:07:08 INFO  o.h.e.t.j.p.i.JtaPlatformInitiator - HHH000489: No JTA platform available (set 'hibernate.transaction.jta.platform' to enable JTA platform integration)
2025-04-06 14:07:08 INFO  o.s.o.j.LocalContainerEntityManagerFactoryBean - Initialized JPA EntityManagerFactory for persistence unit 'default'
2025-04-06 14:07:11 INFO  o.s.d.j.r.query.QueryEnhancerFactory - Hibernate is in classpath; If applicable, HQL parser will be used.
2025-04-06 14:07:13 WARN  o.s.b.a.o.j.JpaBaseConfiguration$JpaWebConfiguration - spring.jpa.open-in-view is enabled by default. Therefore, database queries may be performed during view rendering. Explicitly configure spring.jpa.open-in-view to disable this warning
2025-04-06 14:07:13 INFO  o.s.v.b.OptionalValidatorFactoryBean - Failed to set up a Bean Validation provider: jakarta.validation.NoProviderFoundException: Unable to create a Configuration, because no Jakarta Bean Validation provider could be found. Add a provider like Hibernate Validator (RI) to your classpath.
2025-04-06 14:07:15 INFO  o.s.b.d.a.OptionalLiveReloadServer - LiveReload server is running on port 35729
2025-04-06 14:07:15 INFO  o.a.coyote.http11.Http11NioProtocol - Starting ProtocolHandler ["http-nio-8080"]
2025-04-06 14:07:16 INFO  o.s.b.w.e.tomcat.TomcatWebServer - Tomcat started on port 8080 (http) with context path '/'
2025-04-06 14:07:16 INFO  r.s.s.SpringBooksApplication - Started SpringBooksApplication in 21.249 seconds (process running for 23.185)
2025-04-06 14:07:19 INFO  o.a.c.c.C.[Tomcat].[localhost].[/] - Initializing Spring DispatcherServlet 'dispatcherServlet'
2025-04-06 14:07:19 INFO  o.s.web.servlet.DispatcherServlet - Initializing Servlet 'dispatcherServlet'
2025-04-06 14:07:19 INFO  o.s.web.servlet.DispatcherServlet - Completed initialization in 4 ms
2025-04-06 14:07:19 INFO  r.s.s.aspects.LoggingAspect - << generateLogFileForDateAsync() - result: java.util.concurrent.CompletableFuture@33c64af7[Not completed]
2025-04-06 14:10:14 WARN  o.s.w.s.m.s.DefaultHandlerExceptionResolver - Resolved [org.springframework.web.HttpRequestMethodNotSupportedException: Request method 'POST' is not supported]
2025-04-06 14:10:18 INFO  r.s.s.aspects.LoggingAspect - << getTaskStatus() - result: COMPLETED
2025-04-06 14:20:40 INFO  r.s.s.aspects.LoggingAspect - << getTaskStatus() - result: NOT_FOUND
2025-04-06 14:23:09 INFO  r.s.s.aspects.LoggingAspect - << generateLogFileForDateAsync() - result: java.util.concurrent.CompletableFuture@61345698[Not completed]
2025-04-06 14:23:31 INFO  r.s.s.aspects.LoggingAspect - << getTaskStatus() - result: COMPLETED
2025-04-06 14:23:31 INFO  r.s.s.aspects.LoggingAspect - << getLogFilePath() - result: logs\log-090e80d6-8f77-4062-afd6-68efdd1ac529.log
2025-04-06 14:24:02 INFO  r.s.s.aspects.LoggingAspect - << getTaskStatus() - result: COMPLETED
2025-04-06 14:24:19 WARN  o.s.w.s.m.s.DefaultHandlerExceptionResolver - Resolved [org.springframework.web.HttpRequestMethodNotSupportedException: Request method 'GET' is not supported]
2025-04-06 14:24:24 INFO  r.s.s.aspects.LoggingAspect - << generateLogFileForDateAsync() - result: java.util.concurrent.CompletableFuture@5bc8509a[Not completed]
2025-04-06 14:24:51 INFO  r.s.s.aspects.LoggingAspect - << generateLogFileForDateAsync() - result: java.util.concurrent.CompletableFuture@3b364a10[Not completed]
2025-04-06 14:26:46 INFO  r.s.s.aspects.LoggingAspect - << generateLogFileForDateAsync() - result: java.util.concurrent.CompletableFuture@550fb593[Not completed]
2025-04-06 14:27:02 INFO  r.s.s.aspects.LoggingAspect - << getTaskStatus() - result: COMPLETED
2025-04-06 14:27:11 INFO  r.s.s.aspects.LoggingAspect - << getTaskStatus() - result: COMPLETED
2025-04-06 14:27:11 INFO  r.s.s.aspects.LoggingAspect - << getLogFilePath() - result: logs\log-d6c8811f-f33b-4f2c-b013-3b740de5a4ea.log
2025-04-06 14:34:06 INFO  o.s.b.w.e.tomcat.GracefulShutdown - Commencing graceful shutdown. Waiting for active requests to complete
2025-04-06 14:34:06 INFO  o.s.b.w.e.tomcat.GracefulShutdown - Graceful shutdown complete
2025-04-06 14:34:06 INFO  r.s.springbooks.utils.CustomCache - Shutting down cache executor...
2025-04-06 14:34:06 INFO  r.s.springbooks.utils.CustomCache - Shutting down cache executor...
2025-04-06 14:34:06 INFO  r.s.springbooks.utils.CustomCache - Shutting down cache executor...
2025-04-06 14:34:06 INFO  r.s.springbooks.utils.CustomCache - Shutting down cache executor...
2025-04-06 14:34:06 INFO  o.s.o.j.LocalContainerEntityManagerFactoryBean - Closing JPA EntityManagerFactory for persistence unit 'default'
2025-04-06 14:34:06 INFO  com.zaxxer.hikari.HikariDataSource - HikariPool-1 - Shutdown initiated...
2025-04-06 14:34:06 INFO  com.zaxxer.hikari.HikariDataSource - HikariPool-1 - Shutdown completed.
2025-04-06 17:42:33 INFO  r.s.s.SpringBooksApplication - Starting SpringBooksApplication using Java 23.0.2 with PID 19828 (D:\VADIM\JAVA\springBooks\target\classes started by HP in D:\VADIM\JAVA\springBooks)
2025-04-06 17:42:33 INFO  r.s.s.SpringBooksApplication - No active profile set, falling back to 1 default profile: "default"
2025-04-06 17:42:33 INFO  o.s.b.d.e.DevToolsPropertyDefaultsPostProcessor - Devtools property defaults active! Set 'spring.devtools.add-properties' to 'false' to disable
2025-04-06 17:42:33 INFO  o.s.b.d.e.DevToolsPropertyDefaultsPostProcessor - For additional web related logging consider setting the 'logging.level.web' property to 'DEBUG'
2025-04-06 17:42:34 INFO  o.s.d.r.c.RepositoryConfigurationDelegate - Bootstrapping Spring Data JPA repositories in DEFAULT mode.
2025-04-06 17:42:34 INFO  o.s.d.r.c.RepositoryConfigurationDelegate - Finished Spring Data repository scanning in 71 ms. Found 4 JPA repository interfaces.
2025-04-06 17:42:35 INFO  o.s.b.w.e.tomcat.TomcatWebServer - Tomcat initialized with port 8080 (http)
2025-04-06 17:42:35 INFO  o.a.coyote.http11.Http11NioProtocol - Initializing ProtocolHandler ["http-nio-8080"]
2025-04-06 17:42:35 INFO  o.a.catalina.core.StandardService - Starting service [Tomcat]
2025-04-06 17:42:35 INFO  o.a.catalina.core.StandardEngine - Starting Servlet engine: [Apache Tomcat/10.1.39]
2025-04-06 17:42:35 INFO  o.a.c.c.C.[Tomcat].[localhost].[/] - Initializing Spring embedded WebApplicationContext
2025-04-06 17:42:35 INFO  o.s.b.w.s.c.ServletWebServerApplicationContext - Root WebApplicationContext: initialization completed in 2394 ms
2025-04-06 17:42:36 INFO  o.h.jpa.internal.util.LogHelper - HHH000204: Processing PersistenceUnitInfo [name: default]
2025-04-06 17:42:36 INFO  org.hibernate.Version - HHH000412: Hibernate ORM core version 6.6.11.Final
2025-04-06 17:42:36 INFO  o.h.c.i.RegionFactoryInitiator - HHH000026: Second-level cache disabled
2025-04-06 17:42:36 INFO  o.s.o.j.p.SpringPersistenceUnitInfo - No LoadTimeWeaver setup: ignoring JPA class transformer
2025-04-06 17:42:36 INFO  com.zaxxer.hikari.HikariDataSource - HikariPool-1 - Starting...
2025-04-06 17:42:36 INFO  com.zaxxer.hikari.pool.HikariPool - HikariPool-1 - Added connection com.mysql.cj.jdbc.ConnectionImpl@12b1b7a5
2025-04-06 17:42:36 INFO  com.zaxxer.hikari.HikariDataSource - HikariPool-1 - Start completed.
2025-04-06 17:42:36 WARN  org.hibernate.orm.deprecation - HHH90000025: MySQL8Dialect does not need to be specified explicitly using 'hibernate.dialect' (remove the property setting and it will be selected by default)
2025-04-06 17:42:36 WARN  org.hibernate.orm.deprecation - HHH90000026: MySQL8Dialect has been deprecated; use org.hibernate.dialect.MySQLDialect instead
2025-04-06 17:42:36 INFO  o.hibernate.orm.connections.pooling - HHH10001005: Database info:
2025-04-06 17:42:37 INFO  o.h.e.t.j.p.i.JtaPlatformInitiator - HHH000489: No JTA platform available (set 'hibernate.transaction.jta.platform' to enable JTA platform integration)
2025-04-06 17:42:37 INFO  o.s.o.j.LocalContainerEntityManagerFactoryBean - Initialized JPA EntityManagerFactory for persistence unit 'default'
2025-04-06 17:42:38 INFO  o.s.d.j.r.query.QueryEnhancerFactory - Hibernate is in classpath; If applicable, HQL parser will be used.
2025-04-06 17:42:39 WARN  o.s.b.a.o.j.JpaBaseConfiguration$JpaWebConfiguration - spring.jpa.open-in-view is enabled by default. Therefore, database queries may be performed during view rendering. Explicitly configure spring.jpa.open-in-view to disable this warning
2025-04-06 17:42:39 INFO  o.s.v.b.OptionalValidatorFactoryBean - Failed to set up a Bean Validation provider: jakarta.validation.NoProviderFoundException: Unable to create a Configuration, because no Jakarta Bean Validation provider could be found. Add a provider like Hibernate Validator (RI) to your classpath.
2025-04-06 17:42:39 INFO  o.s.b.d.a.OptionalLiveReloadServer - LiveReload server is running on port 35729
2025-04-06 17:42:39 INFO  o.a.coyote.http11.Http11NioProtocol - Starting ProtocolHandler ["http-nio-8080"]
2025-04-06 17:42:39 INFO  o.s.b.w.e.tomcat.TomcatWebServer - Tomcat started on port 8080 (http) with context path '/'
2025-04-06 17:42:39 INFO  r.s.s.SpringBooksApplication - Started SpringBooksApplication in 7.019 seconds (process running for 8.576)
2025-04-06 17:43:10 INFO  o.a.c.c.C.[Tomcat].[localhost].[/] - Initializing Spring DispatcherServlet 'dispatcherServlet'
2025-04-06 17:43:10 INFO  o.s.web.servlet.DispatcherServlet - Initializing Servlet 'dispatcherServlet'
2025-04-06 17:43:10 INFO  o.s.web.servlet.DispatcherServlet - Completed initialization in 1 ms
2025-04-06 17:43:10 INFO  r.s.s.aspects.LoggingAspect - << getTaskStatus() - result: NOT_FOUND
2025-04-06 17:43:29 INFO  r.s.s.aspects.LoggingAspect - << generateLogFileForDateAsync() - result: java.util.concurrent.CompletableFuture@337750b3[Not completed]
2025-04-06 17:43:45 WARN  o.s.w.s.m.s.DefaultHandlerExceptionResolver - Resolved [org.springframework.web.HttpRequestMethodNotSupportedException: Request method 'POST' is not supported]
2025-04-06 17:43:50 INFO  r.s.s.aspects.LoggingAspect - << getTaskStatus() - result: COMPLETED
2025-04-06 17:43:50 INFO  r.s.s.aspects.LoggingAspect - << getLogFilePath() - result: logs\log-8ca8ae6d-9927-43d4-b662-2ac459e31a19.log
2025-04-06 17:44:26 INFO  o.s.b.w.e.tomcat.GracefulShutdown - Commencing graceful shutdown. Waiting for active requests to complete
2025-04-06 17:44:26 INFO  o.s.b.w.e.tomcat.GracefulShutdown - Graceful shutdown complete
2025-04-06 17:44:26 INFO  r.s.springbooks.utils.CustomCache - Shutting down cache executor...
2025-04-06 17:44:26 INFO  r.s.springbooks.utils.CustomCache - Shutting down cache executor...
2025-04-06 17:44:26 INFO  r.s.springbooks.utils.CustomCache - Shutting down cache executor...
2025-04-06 17:44:26 INFO  r.s.springbooks.utils.CustomCache - Shutting down cache executor...
2025-04-06 17:44:26 INFO  o.s.o.j.LocalContainerEntityManagerFactoryBean - Closing JPA EntityManagerFactory for persistence unit 'default'
2025-04-06 17:44:26 INFO  com.zaxxer.hikari.HikariDataSource - HikariPool-1 - Shutdown initiated...
2025-04-06 17:44:26 INFO  com.zaxxer.hikari.HikariDataSource - HikariPool-1 - Shutdown completed.
2025-04-06 18:37:46 INFO  r.s.s.SpringBooksApplication - Starting SpringBooksApplication using Java 23.0.2 with PID 12088 (D:\VADIM\JAVA\springBooks\target\classes started by HP in D:\VADIM\JAVA\springBooks)
2025-04-06 18:37:46 INFO  r.s.s.SpringBooksApplication - No active profile set, falling back to 1 default profile: "default"
2025-04-06 18:37:46 INFO  o.s.b.d.e.DevToolsPropertyDefaultsPostProcessor - Devtools property defaults active! Set 'spring.devtools.add-properties' to 'false' to disable
2025-04-06 18:37:46 INFO  o.s.b.d.e.DevToolsPropertyDefaultsPostProcessor - For additional web related logging consider setting the 'logging.level.web' property to 'DEBUG'
2025-04-06 18:37:47 INFO  o.s.d.r.c.RepositoryConfigurationDelegate - Bootstrapping Spring Data JPA repositories in DEFAULT mode.
2025-04-06 18:37:47 INFO  o.s.d.r.c.RepositoryConfigurationDelegate - Finished Spring Data repository scanning in 59 ms. Found 4 JPA repository interfaces.
2025-04-06 18:37:48 INFO  o.s.b.w.e.tomcat.TomcatWebServer - Tomcat initialized with port 8080 (http)
2025-04-06 18:37:48 INFO  o.a.coyote.http11.Http11NioProtocol - Initializing ProtocolHandler ["http-nio-8080"]
2025-04-06 18:37:48 INFO  o.a.catalina.core.StandardService - Starting service [Tomcat]
2025-04-06 18:37:48 INFO  o.a.catalina.core.StandardEngine - Starting Servlet engine: [Apache Tomcat/10.1.39]
2025-04-06 18:37:48 INFO  o.a.c.c.C.[Tomcat].[localhost].[/] - Initializing Spring embedded WebApplicationContext
2025-04-06 18:37:48 INFO  o.s.b.w.s.c.ServletWebServerApplicationContext - Root WebApplicationContext: initialization completed in 1876 ms
2025-04-06 18:37:49 INFO  o.h.jpa.internal.util.LogHelper - HHH000204: Processing PersistenceUnitInfo [name: default]
2025-04-06 18:37:49 INFO  org.hibernate.Version - HHH000412: Hibernate ORM core version 6.6.11.Final
2025-04-06 18:37:49 INFO  o.h.c.i.RegionFactoryInitiator - HHH000026: Second-level cache disabled
2025-04-06 18:37:49 INFO  o.s.o.j.p.SpringPersistenceUnitInfo - No LoadTimeWeaver setup: ignoring JPA class transformer
2025-04-06 18:37:49 INFO  com.zaxxer.hikari.HikariDataSource - HikariPool-1 - Starting...
2025-04-06 18:37:49 INFO  com.zaxxer.hikari.pool.HikariPool - HikariPool-1 - Added connection com.mysql.cj.jdbc.ConnectionImpl@e319c37
2025-04-06 18:37:49 INFO  com.zaxxer.hikari.HikariDataSource - HikariPool-1 - Start completed.
2025-04-06 18:37:49 WARN  org.hibernate.orm.deprecation - HHH90000025: MySQL8Dialect does not need to be specified explicitly using 'hibernate.dialect' (remove the property setting and it will be selected by default)
2025-04-06 18:37:49 WARN  org.hibernate.orm.deprecation - HHH90000026: MySQL8Dialect has been deprecated; use org.hibernate.dialect.MySQLDialect instead
2025-04-06 18:37:49 INFO  o.hibernate.orm.connections.pooling - HHH10001005: Database info:
2025-04-06 18:37:50 INFO  o.h.e.t.j.p.i.JtaPlatformInitiator - HHH000489: No JTA platform available (set 'hibernate.transaction.jta.platform' to enable JTA platform integration)
2025-04-06 18:37:50 INFO  o.s.o.j.LocalContainerEntityManagerFactoryBean - Initialized JPA EntityManagerFactory for persistence unit 'default'
2025-04-06 18:37:51 INFO  o.s.d.j.r.query.QueryEnhancerFactory - Hibernate is in classpath; If applicable, HQL parser will be used.
2025-04-06 18:37:51 WARN  o.s.b.a.o.j.JpaBaseConfiguration$JpaWebConfiguration - spring.jpa.open-in-view is enabled by default. Therefore, database queries may be performed during view rendering. Explicitly configure spring.jpa.open-in-view to disable this warning
2025-04-06 18:37:51 INFO  o.s.v.b.OptionalValidatorFactoryBean - Failed to set up a Bean Validation provider: jakarta.validation.NoProviderFoundException: Unable to create a Configuration, because no Jakarta Bean Validation provider could be found. Add a provider like Hibernate Validator (RI) to your classpath.
2025-04-06 18:37:52 INFO  o.s.b.d.a.OptionalLiveReloadServer - LiveReload server is running on port 35729
2025-04-06 18:37:52 INFO  o.a.coyote.http11.Http11NioProtocol - Starting ProtocolHandler ["http-nio-8080"]
2025-04-06 18:37:52 INFO  o.s.b.w.e.tomcat.TomcatWebServer - Tomcat started on port 8080 (http) with context path '/'
2025-04-06 18:37:52 INFO  r.s.s.SpringBooksApplication - Started SpringBooksApplication in 6.112 seconds (process running for 6.763)
2025-04-06 18:38:24 INFO  o.a.c.c.C.[Tomcat].[localhost].[/] - Initializing Spring DispatcherServlet 'dispatcherServlet'
2025-04-06 18:38:24 INFO  o.s.web.servlet.DispatcherServlet - Initializing Servlet 'dispatcherServlet'
2025-04-06 18:38:24 INFO  o.s.web.servlet.DispatcherServlet - Completed initialization in 1 ms
2025-04-06 18:38:24 INFO  r.s.s.aspects.LoggingAspect - << findAllUsers() - result: [User(id=1, username=Кравченко, password=466, email=kwodmwoin@333уууу, libraries=[Library(id=1, name=national library, address=Улица пушкина дом Колотушкинауу)]), User(id=2, username=Коваль 1, password=аe, email=уа, libraries=[Library(id=1, name=national library, address=Улица пушкина дом Колотушкинауу), Library(id=3, name=обычная библио, address=Улица Евва дом Макеева)]), User(id=3, username=Коваль 2, password=аe2, email=уа2, libraries=[]), User(id=4, username=тралалало, password=аe244, email=уа244, libraries=[]), User(id=5, username=тралалало2, password=244S9999, email=уа244@fwfw, libraries=[])]
2025-04-06 18:41:31 INFO  o.s.b.w.e.tomcat.GracefulShutdown - Commencing graceful shutdown. Waiting for active requests to complete
2025-04-06 18:41:32 INFO  o.s.b.w.e.tomcat.GracefulShutdown - Graceful shutdown complete
2025-04-06 18:41:32 INFO  r.s.springbooks.utils.CustomCache - Shutting down cache executor...
2025-04-06 18:41:32 INFO  r.s.springbooks.utils.CustomCache - Shutting down cache executor...
2025-04-06 18:41:32 INFO  r.s.springbooks.utils.CustomCache - Shutting down cache executor...
2025-04-06 18:41:32 INFO  r.s.springbooks.utils.CustomCache - Shutting down cache executor...
2025-04-06 18:41:32 INFO  o.s.o.j.LocalContainerEntityManagerFactoryBean - Closing JPA EntityManagerFactory for persistence unit 'default'
2025-04-06 18:41:32 INFO  com.zaxxer.hikari.HikariDataSource - HikariPool-1 - Shutdown initiated...
2025-04-06 18:41:32 INFO  com.zaxxer.hikari.HikariDataSource - HikariPool-1 - Shutdown completed.
2025-04-06 21:41:11 INFO  r.s.s.SpringBooksApplication - Starting SpringBooksApplication using Java 23.0.2 with PID 11656 (D:\VADIM\JAVA\springBooks\target\classes started by HP in D:\VADIM\JAVA\springBooks)
2025-04-06 21:41:11 INFO  r.s.s.SpringBooksApplication - No active profile set, falling back to 1 default profile: "default"
2025-04-06 21:41:11 INFO  o.s.b.d.e.DevToolsPropertyDefaultsPostProcessor - Devtools property defaults active! Set 'spring.devtools.add-properties' to 'false' to disable
2025-04-06 21:41:11 INFO  o.s.b.d.e.DevToolsPropertyDefaultsPostProcessor - For additional web related logging consider setting the 'logging.level.web' property to 'DEBUG'
2025-04-06 21:41:13 INFO  o.s.d.r.c.RepositoryConfigurationDelegate - Bootstrapping Spring Data JPA repositories in DEFAULT mode.
2025-04-06 21:41:13 INFO  o.s.d.r.c.RepositoryConfigurationDelegate - Finished Spring Data repository scanning in 74 ms. Found 4 JPA repository interfaces.
2025-04-06 21:41:15 INFO  o.s.b.w.e.tomcat.TomcatWebServer - Tomcat initialized with port 8080 (http)
2025-04-06 21:41:15 INFO  o.a.coyote.http11.Http11NioProtocol - Initializing ProtocolHandler ["http-nio-8080"]
2025-04-06 21:41:15 INFO  o.a.catalina.core.StandardService - Starting service [Tomcat]
2025-04-06 21:41:15 INFO  o.a.catalina.core.StandardEngine - Starting Servlet engine: [Apache Tomcat/10.1.39]
2025-04-06 21:41:15 INFO  o.a.c.c.C.[Tomcat].[localhost].[/] - Initializing Spring embedded WebApplicationContext
2025-04-06 21:41:15 INFO  o.s.b.w.s.c.ServletWebServerApplicationContext - Root WebApplicationContext: initialization completed in 3184 ms
2025-04-06 21:41:15 INFO  o.h.jpa.internal.util.LogHelper - HHH000204: Processing PersistenceUnitInfo [name: default]
2025-04-06 21:41:15 INFO  org.hibernate.Version - HHH000412: Hibernate ORM core version 6.6.11.Final
2025-04-06 21:41:15 INFO  o.h.c.i.RegionFactoryInitiator - HHH000026: Second-level cache disabled
2025-04-06 21:41:16 INFO  o.s.o.j.p.SpringPersistenceUnitInfo - No LoadTimeWeaver setup: ignoring JPA class transformer
2025-04-06 21:41:16 INFO  com.zaxxer.hikari.HikariDataSource - HikariPool-1 - Starting...
2025-04-06 21:41:16 INFO  com.zaxxer.hikari.pool.HikariPool - HikariPool-1 - Added connection com.mysql.cj.jdbc.ConnectionImpl@3c1a450d
2025-04-06 21:41:16 INFO  com.zaxxer.hikari.HikariDataSource - HikariPool-1 - Start completed.
2025-04-06 21:41:16 WARN  org.hibernate.orm.deprecation - HHH90000025: MySQL8Dialect does not need to be specified explicitly using 'hibernate.dialect' (remove the property setting and it will be selected by default)
2025-04-06 21:41:16 WARN  org.hibernate.orm.deprecation - HHH90000026: MySQL8Dialect has been deprecated; use org.hibernate.dialect.MySQLDialect instead
2025-04-06 21:41:16 INFO  o.hibernate.orm.connections.pooling - HHH10001005: Database info:
2025-04-06 21:41:18 INFO  o.h.e.t.j.p.i.JtaPlatformInitiator - HHH000489: No JTA platform available (set 'hibernate.transaction.jta.platform' to enable JTA platform integration)
2025-04-06 21:41:18 INFO  o.s.o.j.LocalContainerEntityManagerFactoryBean - Initialized JPA EntityManagerFactory for persistence unit 'default'
2025-04-06 21:41:19 INFO  o.s.d.j.r.query.QueryEnhancerFactory - Hibernate is in classpath; If applicable, HQL parser will be used.
2025-04-06 21:41:20 WARN  o.s.b.a.o.j.JpaBaseConfiguration$JpaWebConfiguration - spring.jpa.open-in-view is enabled by default. Therefore, database queries may be performed during view rendering. Explicitly configure spring.jpa.open-in-view to disable this warning
2025-04-06 21:41:20 INFO  o.s.v.b.OptionalValidatorFactoryBean - Failed to set up a Bean Validation provider: jakarta.validation.NoProviderFoundException: Unable to create a Configuration, because no Jakarta Bean Validation provider could be found. Add a provider like Hibernate Validator (RI) to your classpath.
2025-04-06 21:41:21 INFO  o.s.b.d.a.OptionalLiveReloadServer - LiveReload server is running on port 35729
2025-04-06 21:41:21 INFO  o.a.coyote.http11.Http11NioProtocol - Starting ProtocolHandler ["http-nio-8080"]
2025-04-06 21:41:21 INFO  o.s.b.w.e.tomcat.TomcatWebServer - Tomcat started on port 8080 (http) with context path '/'
2025-04-06 21:41:21 INFO  r.s.s.SpringBooksApplication - Started SpringBooksApplication in 10.19 seconds (process running for 11.224)
2025-04-06 21:54:33 INFO  o.a.c.c.C.[Tomcat].[localhost].[/] - Initializing Spring DispatcherServlet 'dispatcherServlet'
2025-04-06 21:54:33 INFO  o.s.web.servlet.DispatcherServlet - Initializing Servlet 'dispatcherServlet'
2025-04-06 21:54:33 INFO  o.s.web.servlet.DispatcherServlet - Completed initialization in 1 ms
2025-04-06 21:54:33 INFO  r.s.springbooks.utils.CustomCache - Retrieved entry: 100=null (Cache size: 0)
2025-04-06 21:54:34 ERROR r.s.s.aspects.LoggingAspect - !! getUserById() - exception: User with id 100 not found
2025-04-06 21:54:34 WARN  o.s.w.s.m.m.a.ExceptionHandlerExceptionResolver - Resolved [ru.store.springbooks.exception.EntityNotFoundException: User with id 100 not found]
2025-04-06 22:00:00 INFO  r.s.s.s.impl.RequestServiceImpl - Updated 0 overdue requests
2025-04-06 22:00:05 INFO  r.s.s.aspects.LoggingAspect - >> saveUser() - args: [User(id=null, username=тралалало2, password=244S999, email=уа244@fwfw, libraries=null)]
2025-04-06 22:00:05 ERROR r.s.s.aspects.LoggingAspect - !! saveUser() - exception: Пользователь с email 'уа244@fwfw' уже существует
2025-04-06 22:00:05 WARN  o.s.w.s.m.m.a.ExceptionHandlerExceptionResolver - Resolved [ru.store.springbooks.exception.EmailAlreadyExistsException: Пользователь с email 'уа244@fwfw' уже существует]
2025-04-06 22:00:15 INFO  r.s.s.aspects.LoggingAspect - >> saveUser() - args: [User(id=null, username=, password=244S999, email=уа244@fwfw, libraries=null)]
2025-04-06 22:00:15 ERROR r.s.s.aspects.LoggingAspect - !! saveUser() - exception: Пользователь с email 'уа244@fwfw' уже существует
2025-04-06 22:00:15 WARN  o.s.w.s.m.m.a.ExceptionHandlerExceptionResolver - Resolved [ru.store.springbooks.exception.EmailAlreadyExistsException: Пользователь с email 'уа244@fwfw' уже существует]
2025-04-06 22:00:25 INFO  r.s.s.aspects.LoggingAspect - >> saveUser() - args: [User(id=null, username=, password=244в999, email=, libraries=null)]
2025-04-06 22:00:25 ERROR r.s.s.aspects.LoggingAspect - !! saveUser() - exception: Пароль должен содержать как минимум 8 символов и включать хотя бы одну цифру и одну заглавную букву.
2025-04-06 22:00:25 WARN  o.s.w.s.m.m.a.ExceptionHandlerExceptionResolver - Resolved [ru.store.springbooks.exception.InvalidPasswordException: Пароль должен содержать как минимум 8 символов и включать хотя бы одну цифру и одну заглавную букву.]
2025-04-06 22:23:27 INFO  o.s.b.w.e.tomcat.GracefulShutdown - Commencing graceful shutdown. Waiting for active requests to complete
2025-04-06 22:23:27 INFO  o.s.b.w.e.tomcat.GracefulShutdown - Graceful shutdown complete
2025-04-06 22:23:27 INFO  r.s.springbooks.utils.CustomCache - Shutting down cache executor...
2025-04-06 22:23:27 INFO  r.s.springbooks.utils.CustomCache - Shutting down cache executor...
2025-04-06 22:23:27 INFO  r.s.springbooks.utils.CustomCache - Shutting down cache executor...
2025-04-06 22:23:27 INFO  r.s.springbooks.utils.CustomCache - Shutting down cache executor...
2025-04-06 22:23:27 INFO  o.s.o.j.LocalContainerEntityManagerFactoryBean - Closing JPA EntityManagerFactory for persistence unit 'default'
2025-04-06 22:23:27 INFO  com.zaxxer.hikari.HikariDataSource - HikariPool-1 - Shutdown initiated...
2025-04-06 22:23:27 INFO  com.zaxxer.hikari.HikariDataSource - HikariPool-1 - Shutdown completed.
2025-04-06 22:23:32 INFO  r.s.s.SpringBooksApplication - Starting SpringBooksApplication using Java 23.0.2 with PID 6508 (D:\VADIM\JAVA\springBooks\target\classes started by HP in D:\VADIM\JAVA\springBooks)
2025-04-06 22:23:32 INFO  r.s.s.SpringBooksApplication - No active profile set, falling back to 1 default profile: "default"
2025-04-06 22:23:32 INFO  o.s.b.d.e.DevToolsPropertyDefaultsPostProcessor - Devtools property defaults active! Set 'spring.devtools.add-properties' to 'false' to disable
2025-04-06 22:23:32 INFO  o.s.b.d.e.DevToolsPropertyDefaultsPostProcessor - For additional web related logging consider setting the 'logging.level.web' property to 'DEBUG'
2025-04-06 22:23:33 INFO  o.s.d.r.c.RepositoryConfigurationDelegate - Bootstrapping Spring Data JPA repositories in DEFAULT mode.
2025-04-06 22:23:33 INFO  o.s.d.r.c.RepositoryConfigurationDelegate - Finished Spring Data repository scanning in 116 ms. Found 4 JPA repository interfaces.
2025-04-06 22:23:35 INFO  o.s.b.w.e.tomcat.TomcatWebServer - Tomcat initialized with port 8080 (http)
2025-04-06 22:23:35 INFO  o.a.coyote.http11.Http11NioProtocol - Initializing ProtocolHandler ["http-nio-8080"]
2025-04-06 22:23:35 INFO  o.a.catalina.core.StandardService - Starting service [Tomcat]
2025-04-06 22:23:35 INFO  o.a.catalina.core.StandardEngine - Starting Servlet engine: [Apache Tomcat/10.1.39]
2025-04-06 22:23:35 INFO  o.a.c.c.C.[Tomcat].[localhost].[/] - Initializing Spring embedded WebApplicationContext
2025-04-06 22:23:35 INFO  o.s.b.w.s.c.ServletWebServerApplicationContext - Root WebApplicationContext: initialization completed in 3495 ms
2025-04-06 22:23:36 INFO  o.h.jpa.internal.util.LogHelper - HHH000204: Processing PersistenceUnitInfo [name: default]
2025-04-06 22:23:36 INFO  org.hibernate.Version - HHH000412: Hibernate ORM core version 6.6.11.Final
2025-04-06 22:23:36 INFO  o.h.c.i.RegionFactoryInitiator - HHH000026: Second-level cache disabled
2025-04-06 22:23:36 INFO  o.s.o.j.p.SpringPersistenceUnitInfo - No LoadTimeWeaver setup: ignoring JPA class transformer
2025-04-06 22:23:37 INFO  com.zaxxer.hikari.HikariDataSource - HikariPool-1 - Starting...
2025-04-06 22:23:37 INFO  com.zaxxer.hikari.pool.HikariPool - HikariPool-1 - Added connection com.mysql.cj.jdbc.ConnectionImpl@6d2aa34
2025-04-06 22:23:37 INFO  com.zaxxer.hikari.HikariDataSource - HikariPool-1 - Start completed.
2025-04-06 22:23:37 WARN  org.hibernate.orm.deprecation - HHH90000025: MySQL8Dialect does not need to be specified explicitly using 'hibernate.dialect' (remove the property setting and it will be selected by default)
2025-04-06 22:23:37 WARN  org.hibernate.orm.deprecation - HHH90000026: MySQL8Dialect has been deprecated; use org.hibernate.dialect.MySQLDialect instead
2025-04-06 22:23:37 INFO  o.hibernate.orm.connections.pooling - HHH10001005: Database info:
2025-04-06 22:23:39 INFO  o.h.e.t.j.p.i.JtaPlatformInitiator - HHH000489: No JTA platform available (set 'hibernate.transaction.jta.platform' to enable JTA platform integration)
2025-04-06 22:23:39 INFO  o.s.o.j.LocalContainerEntityManagerFactoryBean - Initialized JPA EntityManagerFactory for persistence unit 'default'
2025-04-06 22:23:41 INFO  o.s.d.j.r.query.QueryEnhancerFactory - Hibernate is in classpath; If applicable, HQL parser will be used.
2025-04-06 22:23:42 WARN  o.s.b.a.o.j.JpaBaseConfiguration$JpaWebConfiguration - spring.jpa.open-in-view is enabled by default. Therefore, database queries may be performed during view rendering. Explicitly configure spring.jpa.open-in-view to disable this warning
2025-04-06 22:23:42 INFO  o.s.v.b.OptionalValidatorFactoryBean - Failed to set up a Bean Validation provider: jakarta.validation.NoProviderFoundException: Unable to create a Configuration, because no Jakarta Bean Validation provider could be found. Add a provider like Hibernate Validator (RI) to your classpath.
2025-04-06 22:23:45 INFO  o.s.b.d.a.OptionalLiveReloadServer - LiveReload server is running on port 35729
2025-04-06 22:23:45 INFO  o.a.coyote.http11.Http11NioProtocol - Starting ProtocolHandler ["http-nio-8080"]
2025-04-06 22:23:45 INFO  o.s.b.w.e.tomcat.TomcatWebServer - Tomcat started on port 8080 (http) with context path '/'
2025-04-06 22:23:45 INFO  r.s.s.SpringBooksApplication - Started SpringBooksApplication in 13.893 seconds (process running for 15.049)
2025-04-06 22:27:12 INFO  o.s.b.w.e.tomcat.GracefulShutdown - Commencing graceful shutdown. Waiting for active requests to complete
2025-04-06 22:27:12 INFO  o.s.b.w.e.tomcat.GracefulShutdown - Graceful shutdown complete
2025-04-06 22:27:12 INFO  r.s.springbooks.utils.CustomCache - Shutting down cache executor...
2025-04-06 22:27:12 INFO  r.s.springbooks.utils.CustomCache - Shutting down cache executor...
2025-04-06 22:27:12 INFO  r.s.springbooks.utils.CustomCache - Shutting down cache executor...
2025-04-06 22:27:12 INFO  r.s.springbooks.utils.CustomCache - Shutting down cache executor...
2025-04-06 22:27:12 INFO  o.s.o.j.LocalContainerEntityManagerFactoryBean - Closing JPA EntityManagerFactory for persistence unit 'default'
2025-04-06 22:27:12 INFO  com.zaxxer.hikari.HikariDataSource - HikariPool-1 - Shutdown initiated...
2025-04-06 22:27:12 INFO  com.zaxxer.hikari.HikariDataSource - HikariPool-1 - Shutdown completed.
2025-04-06 22:27:18 INFO  r.s.s.SpringBooksApplication - Starting SpringBooksApplication using Java 23.0.2 with PID 20476 (D:\VADIM\JAVA\springBooks\target\classes started by HP in D:\VADIM\JAVA\springBooks)
2025-04-06 22:27:18 INFO  r.s.s.SpringBooksApplication - No active profile set, falling back to 1 default profile: "default"
2025-04-06 22:27:18 INFO  o.s.b.d.e.DevToolsPropertyDefaultsPostProcessor - Devtools property defaults active! Set 'spring.devtools.add-properties' to 'false' to disable
2025-04-06 22:27:18 INFO  o.s.b.d.e.DevToolsPropertyDefaultsPostProcessor - For additional web related logging consider setting the 'logging.level.web' property to 'DEBUG'
2025-04-06 22:27:20 INFO  o.s.d.r.c.RepositoryConfigurationDelegate - Bootstrapping Spring Data JPA repositories in DEFAULT mode.
2025-04-06 22:27:20 INFO  o.s.d.r.c.RepositoryConfigurationDelegate - Finished Spring Data repository scanning in 109 ms. Found 4 JPA repository interfaces.
2025-04-06 22:27:22 INFO  o.s.b.w.e.tomcat.TomcatWebServer - Tomcat initialized with port 8080 (http)
2025-04-06 22:27:22 INFO  o.a.coyote.http11.Http11NioProtocol - Initializing ProtocolHandler ["http-nio-8080"]
2025-04-06 22:27:22 INFO  o.a.catalina.core.StandardService - Starting service [Tomcat]
2025-04-06 22:27:22 INFO  o.a.catalina.core.StandardEngine - Starting Servlet engine: [Apache Tomcat/10.1.39]
2025-04-06 22:27:22 INFO  o.a.c.c.C.[Tomcat].[localhost].[/] - Initializing Spring embedded WebApplicationContext
2025-04-06 22:27:22 INFO  o.s.b.w.s.c.ServletWebServerApplicationContext - Root WebApplicationContext: initialization completed in 3885 ms
2025-04-06 22:27:23 INFO  o.h.jpa.internal.util.LogHelper - HHH000204: Processing PersistenceUnitInfo [name: default]
2025-04-06 22:27:23 INFO  org.hibernate.Version - HHH000412: Hibernate ORM core version 6.6.11.Final
2025-04-06 22:27:23 INFO  o.h.c.i.RegionFactoryInitiator - HHH000026: Second-level cache disabled
2025-04-06 22:27:23 INFO  o.s.o.j.p.SpringPersistenceUnitInfo - No LoadTimeWeaver setup: ignoring JPA class transformer
2025-04-06 22:27:23 INFO  com.zaxxer.hikari.HikariDataSource - HikariPool-1 - Starting...
2025-04-06 22:27:24 INFO  com.zaxxer.hikari.pool.HikariPool - HikariPool-1 - Added connection com.mysql.cj.jdbc.ConnectionImpl@5c819059
2025-04-06 22:27:24 INFO  com.zaxxer.hikari.HikariDataSource - HikariPool-1 - Start completed.
2025-04-06 22:27:24 WARN  org.hibernate.orm.deprecation - HHH90000025: MySQL8Dialect does not need to be specified explicitly using 'hibernate.dialect' (remove the property setting and it will be selected by default)
2025-04-06 22:27:24 WARN  org.hibernate.orm.deprecation - HHH90000026: MySQL8Dialect has been deprecated; use org.hibernate.dialect.MySQLDialect instead
2025-04-06 22:27:24 INFO  o.hibernate.orm.connections.pooling - HHH10001005: Database info:
2025-04-06 22:27:25 INFO  o.h.e.t.j.p.i.JtaPlatformInitiator - HHH000489: No JTA platform available (set 'hibernate.transaction.jta.platform' to enable JTA platform integration)
2025-04-06 22:27:25 INFO  o.s.o.j.LocalContainerEntityManagerFactoryBean - Initialized JPA EntityManagerFactory for persistence unit 'default'
2025-04-06 22:27:26 INFO  o.s.d.j.r.query.QueryEnhancerFactory - Hibernate is in classpath; If applicable, HQL parser will be used.
2025-04-06 22:27:28 WARN  o.s.b.a.o.j.JpaBaseConfiguration$JpaWebConfiguration - spring.jpa.open-in-view is enabled by default. Therefore, database queries may be performed during view rendering. Explicitly configure spring.jpa.open-in-view to disable this warning
2025-04-06 22:27:28 INFO  o.s.v.b.OptionalValidatorFactoryBean - Failed to set up a Bean Validation provider: jakarta.validation.NoProviderFoundException: Unable to create a Configuration, because no Jakarta Bean Validation provider could be found. Add a provider like Hibernate Validator (RI) to your classpath.
2025-04-06 22:27:29 INFO  o.s.b.d.a.OptionalLiveReloadServer - LiveReload server is running on port 35729
2025-04-06 22:27:29 INFO  o.a.coyote.http11.Http11NioProtocol - Starting ProtocolHandler ["http-nio-8080"]
2025-04-06 22:27:29 INFO  o.s.b.w.e.tomcat.TomcatWebServer - Tomcat started on port 8080 (http) with context path '/'
2025-04-06 22:27:29 INFO  r.s.s.SpringBooksApplication - Started SpringBooksApplication in 11.467 seconds (process running for 12.75)
2025-04-06 22:31:16 INFO  o.a.c.c.C.[Tomcat].[localhost].[/] - Initializing Spring DispatcherServlet 'dispatcherServlet'
2025-04-06 22:31:16 INFO  o.s.web.servlet.DispatcherServlet - Initializing Servlet 'dispatcherServlet'
2025-04-06 22:31:16 INFO  o.s.web.servlet.DispatcherServlet - Completed initialization in 3 ms
2025-04-06 22:31:17 INFO  o.s.api.AbstractOpenApiResource - Init duration for springdoc-openapi is: 1326 ms
2025-04-06 22:44:57 INFO  o.s.b.w.e.tomcat.GracefulShutdown - Commencing graceful shutdown. Waiting for active requests to complete
2025-04-06 22:44:57 INFO  o.s.b.w.e.tomcat.GracefulShutdown - Graceful shutdown complete
2025-04-06 22:44:57 INFO  r.s.springbooks.utils.CustomCache - Shutting down cache executor...
2025-04-06 22:44:57 INFO  r.s.springbooks.utils.CustomCache - Shutting down cache executor...
2025-04-06 22:44:57 INFO  r.s.springbooks.utils.CustomCache - Shutting down cache executor...
2025-04-06 22:44:57 INFO  r.s.springbooks.utils.CustomCache - Shutting down cache executor...
2025-04-06 22:44:57 INFO  o.s.o.j.LocalContainerEntityManagerFactoryBean - Closing JPA EntityManagerFactory for persistence unit 'default'
2025-04-06 22:44:57 INFO  com.zaxxer.hikari.HikariDataSource - HikariPool-1 - Shutdown initiated...
2025-04-06 22:44:57 INFO  com.zaxxer.hikari.HikariDataSource - HikariPool-1 - Shutdown completed.
2025-04-06 22:45:01 INFO  r.s.s.SpringBooksApplication - Starting SpringBooksApplication using Java 23.0.2 with PID 19080 (D:\VADIM\JAVA\springBooks\target\classes started by HP in D:\VADIM\JAVA\springBooks)
2025-04-06 22:45:01 INFO  r.s.s.SpringBooksApplication - No active profile set, falling back to 1 default profile: "default"
2025-04-06 22:45:01 INFO  o.s.b.d.e.DevToolsPropertyDefaultsPostProcessor - Devtools property defaults active! Set 'spring.devtools.add-properties' to 'false' to disable
2025-04-06 22:45:01 INFO  o.s.b.d.e.DevToolsPropertyDefaultsPostProcessor - For additional web related logging consider setting the 'logging.level.web' property to 'DEBUG'
2025-04-06 22:45:02 INFO  o.s.d.r.c.RepositoryConfigurationDelegate - Bootstrapping Spring Data JPA repositories in DEFAULT mode.
2025-04-06 22:45:02 INFO  o.s.d.r.c.RepositoryConfigurationDelegate - Finished Spring Data repository scanning in 54 ms. Found 4 JPA repository interfaces.
2025-04-06 22:45:03 INFO  o.s.b.w.e.tomcat.TomcatWebServer - Tomcat initialized with port 8080 (http)
2025-04-06 22:45:03 INFO  o.a.coyote.http11.Http11NioProtocol - Initializing ProtocolHandler ["http-nio-8080"]
2025-04-06 22:45:03 INFO  o.a.catalina.core.StandardService - Starting service [Tomcat]
2025-04-06 22:45:03 INFO  o.a.catalina.core.StandardEngine - Starting Servlet engine: [Apache Tomcat/10.1.39]
2025-04-06 22:45:03 INFO  o.a.c.c.C.[Tomcat].[localhost].[/] - Initializing Spring embedded WebApplicationContext
2025-04-06 22:45:03 INFO  o.s.b.w.s.c.ServletWebServerApplicationContext - Root WebApplicationContext: initialization completed in 1932 ms
2025-04-06 22:45:03 INFO  o.h.jpa.internal.util.LogHelper - HHH000204: Processing PersistenceUnitInfo [name: default]
2025-04-06 22:45:03 INFO  org.hibernate.Version - HHH000412: Hibernate ORM core version 6.6.11.Final
2025-04-06 22:45:03 INFO  o.h.c.i.RegionFactoryInitiator - HHH000026: Second-level cache disabled
2025-04-06 22:45:03 INFO  o.s.o.j.p.SpringPersistenceUnitInfo - No LoadTimeWeaver setup: ignoring JPA class transformer
2025-04-06 22:45:03 INFO  com.zaxxer.hikari.HikariDataSource - HikariPool-1 - Starting...
2025-04-06 22:45:04 INFO  com.zaxxer.hikari.pool.HikariPool - HikariPool-1 - Added connection com.mysql.cj.jdbc.ConnectionImpl@1e3636ab
2025-04-06 22:45:04 INFO  com.zaxxer.hikari.HikariDataSource - HikariPool-1 - Start completed.
2025-04-06 22:45:04 WARN  org.hibernate.orm.deprecation - HHH90000025: MySQL8Dialect does not need to be specified explicitly using 'hibernate.dialect' (remove the property setting and it will be selected by default)
2025-04-06 22:45:04 WARN  org.hibernate.orm.deprecation - HHH90000026: MySQL8Dialect has been deprecated; use org.hibernate.dialect.MySQLDialect instead
2025-04-06 22:45:04 INFO  o.hibernate.orm.connections.pooling - HHH10001005: Database info:
2025-04-06 22:45:05 INFO  o.h.e.t.j.p.i.JtaPlatformInitiator - HHH000489: No JTA platform available (set 'hibernate.transaction.jta.platform' to enable JTA platform integration)
2025-04-06 22:45:05 INFO  o.s.o.j.LocalContainerEntityManagerFactoryBean - Initialized JPA EntityManagerFactory for persistence unit 'default'
2025-04-06 22:45:05 INFO  o.s.d.j.r.query.QueryEnhancerFactory - Hibernate is in classpath; If applicable, HQL parser will be used.
2025-04-06 22:45:06 WARN  o.s.b.a.o.j.JpaBaseConfiguration$JpaWebConfiguration - spring.jpa.open-in-view is enabled by default. Therefore, database queries may be performed during view rendering. Explicitly configure spring.jpa.open-in-view to disable this warning
2025-04-06 22:45:06 INFO  o.s.v.b.OptionalValidatorFactoryBean - Failed to set up a Bean Validation provider: jakarta.validation.NoProviderFoundException: Unable to create a Configuration, because no Jakarta Bean Validation provider could be found. Add a provider like Hibernate Validator (RI) to your classpath.
2025-04-06 22:45:07 INFO  o.s.b.d.a.OptionalLiveReloadServer - LiveReload server is running on port 35729
2025-04-06 22:45:07 INFO  o.a.coyote.http11.Http11NioProtocol - Starting ProtocolHandler ["http-nio-8080"]
2025-04-06 22:45:07 INFO  o.s.b.w.e.tomcat.TomcatWebServer - Tomcat started on port 8080 (http) with context path '/'
2025-04-06 22:45:07 INFO  r.s.s.SpringBooksApplication - Started SpringBooksApplication in 6.42 seconds (process running for 7.099)
2025-04-06 22:45:56 INFO  o.a.c.c.C.[Tomcat].[localhost].[/] - Initializing Spring DispatcherServlet 'dispatcherServlet'
2025-04-06 22:45:56 INFO  o.s.web.servlet.DispatcherServlet - Initializing Servlet 'dispatcherServlet'
2025-04-06 22:45:56 INFO  o.s.web.servlet.DispatcherServlet - Completed initialization in 2 ms
2025-04-06 22:45:56 INFO  r.s.s.aspects.LoggingAspect - >> saveLibrary() - args: [Library(id=null, name=kzkz333, address=Улица Евва д4ом Макеева 99)]
2025-04-06 22:45:56 INFO  r.s.springbooks.utils.CustomCache - Added entry: 5=Library(id=5, name=kzkz333, address=Улица Евва д4ом Макеева 99) (Cache size: 1)
2025-04-06 22:45:56 INFO  r.s.s.s.impl.LibraryServiceImpl - Library saved and added to cache: Library(id=5, name=kzkz333, address=Улица Евва д4ом Макеева 99)
2025-04-06 22:45:56 INFO  r.s.s.aspects.LoggingAspect - << saveLibrary() - result: Library(id=5, name=kzkz333, address=Улица Евва д4ом Макеева 99)
2025-04-06 22:46:17 INFO  r.s.s.aspects.LoggingAspect - >> saveBook() - args: [Book(id=null, title=дфд335ере32, author=romуккау422, year=1930)]
2025-04-06 22:46:17 INFO  r.s.s.service.impl.BookServiceImpl - Получен запрос на сохранение книги: Book(id=null, title=дфд335ере32, author=romуккау422, year=1930)
2025-04-06 22:46:17 INFO  r.s.s.service.impl.BookServiceImpl - Сохранение книги с библиотекой: Library(id=5, name=kzkz333, address=Улица Евва д4ом Макеева 99)
2025-04-06 22:46:17 INFO  r.s.springbooks.utils.CustomCache - Added entry: 7=Book(id=7, title=дфд335ере32, author=romуккау422, year=1930) (Cache size: 1)
2025-04-06 22:46:17 INFO  r.s.s.service.impl.BookServiceImpl - Книга добавлена в кеш: Book(id=7, title=дфд335ере32, author=romуккау422, year=1930)
2025-04-06 22:46:17 INFO  r.s.s.aspects.LoggingAspect - << saveBook() - result: Book(id=7, title=дфд335ере32, author=romуккау422, year=1930)
2025-04-06 22:46:28 INFO  r.s.springbooks.utils.CustomCache - Retrieved entry: 5=Library(id=5, name=kzkz333, address=Улица Евва д4ом Макеева 99) (Cache size: 1)
2025-04-06 22:46:28 INFO  r.s.s.s.impl.LibraryServiceImpl - Library fetched from cache: Library(id=5, name=kzkz333, address=Улица Евва д4ом Макеева 99)
2025-04-06 22:46:28 INFO  r.s.s.aspects.LoggingAspect - << getLibraryById() - result: Library(id=5, name=kzkz333, address=Улица Евва д4ом Макеева 99)
2025-04-06 22:46:30 INFO  r.s.springbooks.utils.CustomCache - Retrieved entry: 5=Library(id=5, name=kzkz333, address=Улица Евва д4ом Макеева 99) (Cache size: 1)
2025-04-06 22:46:30 INFO  r.s.s.s.impl.LibraryServiceImpl - Library fetched from cache: Library(id=5, name=kzkz333, address=Улица Евва д4ом Макеева 99)
2025-04-06 22:46:30 INFO  r.s.s.aspects.LoggingAspect - << getLibraryById() - result: Library(id=5, name=kzkz333, address=Улица Евва д4ом Макеева 99)
2025-04-06 22:46:31 INFO  r.s.springbooks.utils.CustomCache - Retrieved entry: 5=Library(id=5, name=kzkz333, address=Улица Евва д4ом Макеева 99) (Cache size: 1)
2025-04-06 22:46:31 INFO  r.s.s.s.impl.LibraryServiceImpl - Library fetched from cache: Library(id=5, name=kzkz333, address=Улица Евва д4ом Макеева 99)
2025-04-06 22:46:31 INFO  r.s.s.aspects.LoggingAspect - << getLibraryById() - result: Library(id=5, name=kzkz333, address=Улица Евва д4ом Макеева 99)
2025-04-06 22:46:49 INFO  r.s.springbooks.utils.CustomCache - Retrieved entry: 5=Library(id=5, name=kzkz333, address=Улица Евва д4ом Макеева 99) (Cache size: 1)
2025-04-06 22:46:49 INFO  r.s.s.s.impl.LibraryServiceImpl - Library fetched from cache: Library(id=5, name=kzkz333, address=Улица Евва д4ом Макеева 99)
2025-04-06 22:46:49 INFO  r.s.s.aspects.LoggingAspect - << getLibraryById() - result: Library(id=5, name=kzkz333, address=Улица Евва д4ом Макеева 99)
2025-04-06 22:46:51 INFO  r.s.springbooks.utils.CustomCache - Retrieved entry: 5=Library(id=5, name=kzkz333, address=Улица Евва д4ом Макеева 99) (Cache size: 1)
2025-04-06 22:46:51 INFO  r.s.s.s.impl.LibraryServiceImpl - Library fetched from cache: Library(id=5, name=kzkz333, address=Улица Евва д4ом Макеева 99)
2025-04-06 22:46:51 INFO  r.s.s.aspects.LoggingAspect - << getLibraryById() - result: Library(id=5, name=kzkz333, address=Улица Евва д4ом Макеева 99)
2025-04-06 22:46:51 INFO  r.s.springbooks.utils.CustomCache - Retrieved entry: 5=Library(id=5, name=kzkz333, address=Улица Евва д4ом Макеева 99) (Cache size: 1)
2025-04-06 22:46:51 INFO  r.s.s.s.impl.LibraryServiceImpl - Library fetched from cache: Library(id=5, name=kzkz333, address=Улица Евва д4ом Макеева 99)
2025-04-06 22:46:51 INFO  r.s.s.aspects.LoggingAspect - << getLibraryById() - result: Library(id=5, name=kzkz333, address=Улица Евва д4ом Макеева 99)
2025-04-06 22:46:52 INFO  r.s.springbooks.utils.CustomCache - Retrieved entry: 5=Library(id=5, name=kzkz333, address=Улица Евва д4ом Макеева 99) (Cache size: 1)
2025-04-06 22:46:52 INFO  r.s.s.s.impl.LibraryServiceImpl - Library fetched from cache: Library(id=5, name=kzkz333, address=Улица Евва д4ом Макеева 99)
2025-04-06 22:46:52 INFO  r.s.s.aspects.LoggingAspect - << getLibraryById() - result: Library(id=5, name=kzkz333, address=Улица Евва д4ом Макеева 99)
2025-04-06 22:46:56 INFO  r.s.s.aspects.LoggingAspect - << findAllLibraries() - result: [Library(id=1, name=national library, address=Улица пушкина дом Колотушкинауу), Library(id=3, name=обычная библио, address=Улица Евва дом Макеева), Library(id=5, name=kzkz333, address=Улица Евва д4ом Макеева 99)]
2025-04-06 22:46:56 INFO  r.s.springbooks.utils.CustomCache - Removed entry: 5=Library(id=5, name=kzkz333, address=Улица Евва д4ом Макеева 99) (Cache size: 0)
2025-04-06 22:46:56 INFO  r.s.springbooks.utils.CustomCache - Automatically removed entry: 5 (Cache size: 0)
2025-04-06 22:47:03 INFO  r.s.springbooks.utils.CustomCache - Retrieved entry: 5=null (Cache size: 0)
2025-04-06 22:47:03 INFO  r.s.springbooks.utils.CustomCache - Added entry: 5=Library(id=5, name=kzkz333, address=Улица Евва д4ом Макеева 99) (Cache size: 1)
2025-04-06 22:47:03 INFO  r.s.s.s.impl.LibraryServiceImpl - Library fetched from DB and added to cache: Library(id=5, name=kzkz333, address=Улица Евва д4ом Макеева 99)
2025-04-06 22:47:03 INFO  r.s.s.aspects.LoggingAspect - << getLibraryById() - result: Library(id=5, name=kzkz333, address=Улица Евва д4ом Макеева 99)
2025-04-06 22:47:17 INFO  r.s.springbooks.utils.CustomCache - Removed entry: 7=Book(id=7, title=дфд335ере32, author=romуккау422, year=1930) (Cache size: 0)
2025-04-06 22:47:17 INFO  r.s.springbooks.utils.CustomCache - Automatically removed entry: 7 (Cache size: 0)
2025-04-06 22:47:55 INFO  r.s.s.aspects.LoggingAspect - >> saveUser() - args: [User(id=null, username=тра, password=244S999, email=уа244@f, libraries=null)]
2025-04-06 22:47:55 ERROR r.s.s.aspects.LoggingAspect - !! saveUser() - exception: Пароль должен содержать как минимум 8 символов и включать хотя бы одну цифру и одну заглавную букву.
2025-04-06 22:47:55 WARN  o.s.w.s.m.m.a.ExceptionHandlerExceptionResolver - Resolved [ru.store.springbooks.exception.InvalidPasswordException: Пароль должен содержать как минимум 8 символов и включать хотя бы одну цифру и одну заглавную букву.]
2025-04-06 22:48:00 INFO  r.s.s.aspects.LoggingAspect - >> saveUser() - args: [User(id=null, username=тра, password=244S9990, email=уа244@f, libraries=null)]
2025-04-06 22:48:00 INFO  r.s.springbooks.utils.CustomCache - Added entry: 6=User(id=6, username=тра, password=244S9990, email=уа244@f, libraries=null) (Cache size: 1)
2025-04-06 22:48:00 INFO  r.s.s.service.impl.UserServiceImpl - User saved and added to cache: User(id=6, username=тра, password=244S9990, email=уа244@f, libraries=null)
2025-04-06 22:48:00 INFO  r.s.s.aspects.LoggingAspect - << saveUser() - result: User(id=6, username=тра, password=244S9990, email=уа244@f, libraries=null)
2025-04-06 22:48:03 INFO  r.s.springbooks.utils.CustomCache - Removed entry: 5=Library(id=5, name=kzkz333, address=Улица Евва д4ом Макеева 99) (Cache size: 0)
2025-04-06 22:48:03 INFO  r.s.springbooks.utils.CustomCache - Automatically removed entry: 5 (Cache size: 0)
2025-04-06 22:48:22 INFO  r.s.springbooks.utils.CustomCache - Added entry: 5=Library(id=5, name=kzkz333, address=Улица Евва д4ом Макеева 99) (Cache size: 1)
2025-04-06 22:48:22 INFO  r.s.s.s.impl.LibraryServiceImpl - User 6 added to Library 5 and updated in cache
2025-04-06 22:48:22 INFO  r.s.s.aspects.LoggingAspect - << addUserToLibrary() - result: Library(id=5, name=kzkz333, address=Улица Евва д4ом Макеева 99)
2025-04-06 22:48:27 INFO  r.s.springbooks.utils.CustomCache - Retrieved entry: 5=Library(id=5, name=kzkz333, address=Улица Евва д4ом Макеева 99) (Cache size: 1)
2025-04-06 22:48:27 INFO  r.s.s.s.impl.LibraryServiceImpl - Library fetched from cache: Library(id=5, name=kzkz333, address=Улица Евва д4ом Макеева 99)
2025-04-06 22:48:27 INFO  r.s.s.aspects.LoggingAspect - << getLibraryById() - result: Library(id=5, name=kzkz333, address=Улица Евва д4ом Макеева 99)
2025-04-06 22:49:00 INFO  r.s.springbooks.utils.CustomCache - Removed entry: 6=User(id=6, username=тра, password=244S9990, email=уа244@f, libraries=null) (Cache size: 0)
2025-04-06 22:49:00 INFO  r.s.springbooks.utils.CustomCache - Automatically removed entry: 6 (Cache size: 0)
2025-04-06 22:49:22 INFO  r.s.springbooks.utils.CustomCache - Removed entry: 5=Library(id=5, name=kzkz333, address=Улица Евва д4ом Макеева 99) (Cache size: 0)
2025-04-06 22:49:22 INFO  r.s.springbooks.utils.CustomCache - Automatically removed entry: 5 (Cache size: 0)
2025-04-06 22:51:51 INFO  o.s.b.w.e.tomcat.GracefulShutdown - Commencing graceful shutdown. Waiting for active requests to complete
2025-04-06 22:51:51 INFO  o.s.b.w.e.tomcat.GracefulShutdown - Graceful shutdown complete
2025-04-06 22:51:51 INFO  r.s.springbooks.utils.CustomCache - Shutting down cache executor...
2025-04-06 22:51:51 INFO  r.s.springbooks.utils.CustomCache - Shutting down cache executor...
2025-04-06 22:51:51 INFO  r.s.springbooks.utils.CustomCache - Shutting down cache executor...
2025-04-06 22:51:51 INFO  r.s.springbooks.utils.CustomCache - Shutting down cache executor...
2025-04-06 22:51:51 INFO  o.s.o.j.LocalContainerEntityManagerFactoryBean - Closing JPA EntityManagerFactory for persistence unit 'default'
2025-04-06 22:51:51 INFO  com.zaxxer.hikari.HikariDataSource - HikariPool-1 - Shutdown initiated...
2025-04-06 22:51:51 INFO  com.zaxxer.hikari.HikariDataSource - HikariPool-1 - Shutdown completed.
2025-04-06 22:56:38 INFO  r.s.s.SpringBooksApplication - Starting SpringBooksApplication using Java 23.0.2 with PID 6992 (D:\VADIM\JAVA\springBooks\target\classes started by HP in D:\VADIM\JAVA\springBooks)
2025-04-06 22:56:38 INFO  r.s.s.SpringBooksApplication - No active profile set, falling back to 1 default profile: "default"
2025-04-06 22:56:38 INFO  o.s.b.d.e.DevToolsPropertyDefaultsPostProcessor - Devtools property defaults active! Set 'spring.devtools.add-properties' to 'false' to disable
2025-04-06 22:56:38 INFO  o.s.b.d.e.DevToolsPropertyDefaultsPostProcessor - For additional web related logging consider setting the 'logging.level.web' property to 'DEBUG'
2025-04-06 22:56:39 INFO  o.s.d.r.c.RepositoryConfigurationDelegate - Bootstrapping Spring Data JPA repositories in DEFAULT mode.
2025-04-06 22:56:39 INFO  o.s.d.r.c.RepositoryConfigurationDelegate - Finished Spring Data repository scanning in 64 ms. Found 4 JPA repository interfaces.
2025-04-06 22:56:40 INFO  o.s.b.w.e.tomcat.TomcatWebServer - Tomcat initialized with port 8080 (http)
2025-04-06 22:56:40 INFO  o.a.coyote.http11.Http11NioProtocol - Initializing ProtocolHandler ["http-nio-8080"]
2025-04-06 22:56:40 INFO  o.a.catalina.core.StandardService - Starting service [Tomcat]
2025-04-06 22:56:40 INFO  o.a.catalina.core.StandardEngine - Starting Servlet engine: [Apache Tomcat/10.1.39]
2025-04-06 22:56:40 INFO  o.a.c.c.C.[Tomcat].[localhost].[/] - Initializing Spring embedded WebApplicationContext
2025-04-06 22:56:40 INFO  o.s.b.w.s.c.ServletWebServerApplicationContext - Root WebApplicationContext: initialization completed in 1952 ms
2025-04-06 22:56:40 INFO  o.h.jpa.internal.util.LogHelper - HHH000204: Processing PersistenceUnitInfo [name: default]
2025-04-06 22:56:40 INFO  org.hibernate.Version - HHH000412: Hibernate ORM core version 6.6.11.Final
2025-04-06 22:56:40 INFO  o.h.c.i.RegionFactoryInitiator - HHH000026: Second-level cache disabled
2025-04-06 22:56:41 INFO  o.s.o.j.p.SpringPersistenceUnitInfo - No LoadTimeWeaver setup: ignoring JPA class transformer
2025-04-06 22:56:41 INFO  com.zaxxer.hikari.HikariDataSource - HikariPool-1 - Starting...
2025-04-06 22:56:41 INFO  com.zaxxer.hikari.pool.HikariPool - HikariPool-1 - Added connection com.mysql.cj.jdbc.ConnectionImpl@6c0b2378
2025-04-06 22:56:41 INFO  com.zaxxer.hikari.HikariDataSource - HikariPool-1 - Start completed.
2025-04-06 22:56:41 WARN  org.hibernate.orm.deprecation - HHH90000025: MySQL8Dialect does not need to be specified explicitly using 'hibernate.dialect' (remove the property setting and it will be selected by default)
2025-04-06 22:56:41 WARN  org.hibernate.orm.deprecation - HHH90000026: MySQL8Dialect has been deprecated; use org.hibernate.dialect.MySQLDialect instead
2025-04-06 22:56:41 INFO  o.hibernate.orm.connections.pooling - HHH10001005: Database info:
2025-04-06 22:56:42 INFO  o.h.e.t.j.p.i.JtaPlatformInitiator - HHH000489: No JTA platform available (set 'hibernate.transaction.jta.platform' to enable JTA platform integration)
2025-04-06 22:56:42 INFO  o.s.o.j.LocalContainerEntityManagerFactoryBean - Initialized JPA EntityManagerFactory for persistence unit 'default'
2025-04-06 22:56:43 INFO  o.s.d.j.r.query.QueryEnhancerFactory - Hibernate is in classpath; If applicable, HQL parser will be used.
2025-04-06 22:56:43 WARN  o.s.b.a.o.j.JpaBaseConfiguration$JpaWebConfiguration - spring.jpa.open-in-view is enabled by default. Therefore, database queries may be performed during view rendering. Explicitly configure spring.jpa.open-in-view to disable this warning
2025-04-06 22:56:43 INFO  o.s.v.b.OptionalValidatorFactoryBean - Failed to set up a Bean Validation provider: jakarta.validation.NoProviderFoundException: Unable to create a Configuration, because no Jakarta Bean Validation provider could be found. Add a provider like Hibernate Validator (RI) to your classpath.
2025-04-06 22:56:44 INFO  o.s.b.d.a.OptionalLiveReloadServer - LiveReload server is running on port 35729
2025-04-06 22:56:44 INFO  o.a.coyote.http11.Http11NioProtocol - Starting ProtocolHandler ["http-nio-8080"]
2025-04-06 22:56:44 INFO  o.s.b.w.e.tomcat.TomcatWebServer - Tomcat started on port 8080 (http) with context path '/'
2025-04-06 22:56:44 INFO  r.s.s.SpringBooksApplication - Started SpringBooksApplication in 6.578 seconds (process running for 7.235)
2025-04-06 22:57:27 INFO  o.a.c.c.C.[Tomcat].[localhost].[/] - Initializing Spring DispatcherServlet 'dispatcherServlet'
2025-04-06 22:57:27 INFO  o.s.web.servlet.DispatcherServlet - Initializing Servlet 'dispatcherServlet'
2025-04-06 22:57:27 INFO  o.s.web.servlet.DispatcherServlet - Completed initialization in 3 ms
2025-04-06 22:57:27 INFO  r.s.s.aspects.LoggingAspect - >> saveUser() - args: [User(id=null, username=тра, password=244S9990, email=уа244@f, libraries=null)]
2025-04-06 22:57:27 ERROR r.s.s.aspects.LoggingAspect - !! saveUser() - exception: Пользователь с email 'уа244@f' уже существует
2025-04-06 22:57:27 WARN  o.s.w.s.m.m.a.ExceptionHandlerExceptionResolver - Resolved [ru.store.springbooks.exception.EmailAlreadyExistsException: Пользователь с email 'уа244@f' уже существует]
2025-04-06 22:57:40 INFO  r.s.s.aspects.LoggingAspect - >> saveUser() - args: [User(id=null, username=тра1, password=244S9, email=уа244@f1, libraries=null)]
2025-04-06 22:57:40 ERROR r.s.s.aspects.LoggingAspect - !! saveUser() - exception: Пароль должен содержать как минимум 8 символов и включать хотя бы одну цифру и одну заглавную букву.
2025-04-06 22:57:40 WARN  o.s.w.s.m.m.a.ExceptionHandlerExceptionResolver - Resolved [ru.store.springbooks.exception.InvalidPasswordException: Пароль должен содержать как минимум 8 символов и включать хотя бы одну цифру и одну заглавную букву.]
2025-04-06 23:00:00 INFO  r.s.s.s.impl.RequestServiceImpl - Updated 0 overdue requests
2025-04-06 23:01:17 INFO  o.s.b.w.e.tomcat.GracefulShutdown - Commencing graceful shutdown. Waiting for active requests to complete
2025-04-06 23:01:17 INFO  o.s.b.w.e.tomcat.GracefulShutdown - Graceful shutdown complete
2025-04-06 23:01:17 INFO  r.s.springbooks.utils.CustomCache - Shutting down cache executor...
2025-04-06 23:01:17 INFO  r.s.springbooks.utils.CustomCache - Shutting down cache executor...
2025-04-06 23:01:17 INFO  r.s.springbooks.utils.CustomCache - Shutting down cache executor...
2025-04-06 23:01:17 INFO  r.s.springbooks.utils.CustomCache - Shutting down cache executor...
2025-04-06 23:01:17 INFO  o.s.o.j.LocalContainerEntityManagerFactoryBean - Closing JPA EntityManagerFactory for persistence unit 'default'
2025-04-06 23:01:17 INFO  com.zaxxer.hikari.HikariDataSource - HikariPool-1 - Shutdown initiated...
2025-04-06 23:01:17 INFO  com.zaxxer.hikari.HikariDataSource - HikariPool-1 - Shutdown completed.
2025-04-06 23:01:21 INFO  r.s.s.SpringBooksApplication - Starting SpringBooksApplication using Java 23.0.2 with PID 18312 (D:\VADIM\JAVA\springBooks\target\classes started by HP in D:\VADIM\JAVA\springBooks)
2025-04-06 23:01:21 INFO  r.s.s.SpringBooksApplication - No active profile set, falling back to 1 default profile: "default"
2025-04-06 23:01:21 INFO  o.s.b.d.e.DevToolsPropertyDefaultsPostProcessor - Devtools property defaults active! Set 'spring.devtools.add-properties' to 'false' to disable
2025-04-06 23:01:21 INFO  o.s.b.d.e.DevToolsPropertyDefaultsPostProcessor - For additional web related logging consider setting the 'logging.level.web' property to 'DEBUG'
2025-04-06 23:01:23 INFO  o.s.d.r.c.RepositoryConfigurationDelegate - Bootstrapping Spring Data JPA repositories in DEFAULT mode.
2025-04-06 23:01:23 INFO  o.s.d.r.c.RepositoryConfigurationDelegate - Finished Spring Data repository scanning in 57 ms. Found 4 JPA repository interfaces.
2025-04-06 23:01:24 INFO  o.s.b.w.e.tomcat.TomcatWebServer - Tomcat initialized with port 8080 (http)
2025-04-06 23:01:24 INFO  o.a.coyote.http11.Http11NioProtocol - Initializing ProtocolHandler ["http-nio-8080"]
2025-04-06 23:01:24 INFO  o.a.catalina.core.StandardService - Starting service [Tomcat]
2025-04-06 23:01:24 INFO  o.a.catalina.core.StandardEngine - Starting Servlet engine: [Apache Tomcat/10.1.39]
2025-04-06 23:01:24 INFO  o.a.c.c.C.[Tomcat].[localhost].[/] - Initializing Spring embedded WebApplicationContext
2025-04-06 23:01:24 INFO  o.s.b.w.s.c.ServletWebServerApplicationContext - Root WebApplicationContext: initialization completed in 2977 ms
2025-04-06 23:01:24 INFO  o.h.jpa.internal.util.LogHelper - HHH000204: Processing PersistenceUnitInfo [name: default]
2025-04-06 23:01:24 INFO  org.hibernate.Version - HHH000412: Hibernate ORM core version 6.6.11.Final
2025-04-06 23:01:24 INFO  o.h.c.i.RegionFactoryInitiator - HHH000026: Second-level cache disabled
2025-04-06 23:01:24 INFO  o.s.o.j.p.SpringPersistenceUnitInfo - No LoadTimeWeaver setup: ignoring JPA class transformer
2025-04-06 23:01:24 INFO  com.zaxxer.hikari.HikariDataSource - HikariPool-1 - Starting...
2025-04-06 23:01:25 INFO  com.zaxxer.hikari.pool.HikariPool - HikariPool-1 - Added connection com.mysql.cj.jdbc.ConnectionImpl@4c3ce610
2025-04-06 23:01:25 INFO  com.zaxxer.hikari.HikariDataSource - HikariPool-1 - Start completed.
2025-04-06 23:01:25 WARN  org.hibernate.orm.deprecation - HHH90000025: MySQL8Dialect does not need to be specified explicitly using 'hibernate.dialect' (remove the property setting and it will be selected by default)
2025-04-06 23:01:25 WARN  org.hibernate.orm.deprecation - HHH90000026: MySQL8Dialect has been deprecated; use org.hibernate.dialect.MySQLDialect instead
2025-04-06 23:01:25 INFO  o.hibernate.orm.connections.pooling - HHH10001005: Database info:
2025-04-06 23:01:26 INFO  o.h.e.t.j.p.i.JtaPlatformInitiator - HHH000489: No JTA platform available (set 'hibernate.transaction.jta.platform' to enable JTA platform integration)
2025-04-06 23:01:26 INFO  o.s.o.j.LocalContainerEntityManagerFactoryBean - Initialized JPA EntityManagerFactory for persistence unit 'default'
2025-04-06 23:01:26 INFO  o.s.d.j.r.query.QueryEnhancerFactory - Hibernate is in classpath; If applicable, HQL parser will be used.
2025-04-06 23:01:27 WARN  o.s.b.a.o.j.JpaBaseConfiguration$JpaWebConfiguration - spring.jpa.open-in-view is enabled by default. Therefore, database queries may be performed during view rendering. Explicitly configure spring.jpa.open-in-view to disable this warning
2025-04-06 23:01:27 INFO  o.s.v.b.OptionalValidatorFactoryBean - Failed to set up a Bean Validation provider: jakarta.validation.NoProviderFoundException: Unable to create a Configuration, because no Jakarta Bean Validation provider could be found. Add a provider like Hibernate Validator (RI) to your classpath.
2025-04-06 23:01:28 INFO  o.s.b.d.a.OptionalLiveReloadServer - LiveReload server is running on port 35729
2025-04-06 23:01:28 INFO  o.a.coyote.http11.Http11NioProtocol - Starting ProtocolHandler ["http-nio-8080"]
2025-04-06 23:01:28 INFO  o.s.b.w.e.tomcat.TomcatWebServer - Tomcat started on port 8080 (http) with context path '/'
2025-04-06 23:01:28 INFO  r.s.s.SpringBooksApplication - Started SpringBooksApplication in 7.767 seconds (process running for 8.475)
2025-04-06 23:06:37 INFO  o.s.b.w.e.tomcat.GracefulShutdown - Commencing graceful shutdown. Waiting for active requests to complete
2025-04-06 23:06:37 INFO  o.s.b.w.e.tomcat.GracefulShutdown - Graceful shutdown complete
2025-04-06 23:06:37 INFO  r.s.springbooks.utils.CustomCache - Shutting down cache executor...
2025-04-06 23:06:37 INFO  r.s.springbooks.utils.CustomCache - Shutting down cache executor...
2025-04-06 23:06:37 INFO  r.s.springbooks.utils.CustomCache - Shutting down cache executor...
2025-04-06 23:06:37 INFO  r.s.springbooks.utils.CustomCache - Shutting down cache executor...
2025-04-06 23:06:37 INFO  o.s.o.j.LocalContainerEntityManagerFactoryBean - Closing JPA EntityManagerFactory for persistence unit 'default'
2025-04-06 23:06:37 INFO  com.zaxxer.hikari.HikariDataSource - HikariPool-1 - Shutdown initiated...
2025-04-06 23:06:37 INFO  com.zaxxer.hikari.HikariDataSource - HikariPool-1 - Shutdown completed.
2025-04-06 23:06:41 INFO  r.s.s.SpringBooksApplication - Starting SpringBooksApplication using Java 23.0.2 with PID 19544 (D:\VADIM\JAVA\springBooks\target\classes started by HP in D:\VADIM\JAVA\springBooks)
2025-04-06 23:06:41 INFO  r.s.s.SpringBooksApplication - No active profile set, falling back to 1 default profile: "default"
2025-04-06 23:06:41 INFO  o.s.b.d.e.DevToolsPropertyDefaultsPostProcessor - Devtools property defaults active! Set 'spring.devtools.add-properties' to 'false' to disable
2025-04-06 23:06:41 INFO  o.s.b.d.e.DevToolsPropertyDefaultsPostProcessor - For additional web related logging consider setting the 'logging.level.web' property to 'DEBUG'
2025-04-06 23:06:42 INFO  o.s.d.r.c.RepositoryConfigurationDelegate - Bootstrapping Spring Data JPA repositories in DEFAULT mode.
2025-04-06 23:06:42 INFO  o.s.d.r.c.RepositoryConfigurationDelegate - Finished Spring Data repository scanning in 57 ms. Found 4 JPA repository interfaces.
2025-04-06 23:06:43 INFO  o.s.b.w.e.tomcat.TomcatWebServer - Tomcat initialized with port 8080 (http)
2025-04-06 23:06:43 INFO  o.a.coyote.http11.Http11NioProtocol - Initializing ProtocolHandler ["http-nio-8080"]
2025-04-06 23:06:43 INFO  o.a.catalina.core.StandardService - Starting service [Tomcat]
2025-04-06 23:06:43 INFO  o.a.catalina.core.StandardEngine - Starting Servlet engine: [Apache Tomcat/10.1.39]
2025-04-06 23:06:43 INFO  o.a.c.c.C.[Tomcat].[localhost].[/] - Initializing Spring embedded WebApplicationContext
2025-04-06 23:06:43 INFO  o.s.b.w.s.c.ServletWebServerApplicationContext - Root WebApplicationContext: initialization completed in 1939 ms
2025-04-06 23:06:43 INFO  o.h.jpa.internal.util.LogHelper - HHH000204: Processing PersistenceUnitInfo [name: default]
2025-04-06 23:06:43 INFO  org.hibernate.Version - HHH000412: Hibernate ORM core version 6.6.11.Final
2025-04-06 23:06:43 INFO  o.h.c.i.RegionFactoryInitiator - HHH000026: Second-level cache disabled
2025-04-06 23:06:44 INFO  o.s.o.j.p.SpringPersistenceUnitInfo - No LoadTimeWeaver setup: ignoring JPA class transformer
2025-04-06 23:06:44 INFO  com.zaxxer.hikari.HikariDataSource - HikariPool-1 - Starting...
2025-04-06 23:06:44 INFO  com.zaxxer.hikari.pool.HikariPool - HikariPool-1 - Added connection com.mysql.cj.jdbc.ConnectionImpl@7f5de4d1
2025-04-06 23:06:44 INFO  com.zaxxer.hikari.HikariDataSource - HikariPool-1 - Start completed.
2025-04-06 23:06:44 WARN  org.hibernate.orm.deprecation - HHH90000025: MySQL8Dialect does not need to be specified explicitly using 'hibernate.dialect' (remove the property setting and it will be selected by default)
2025-04-06 23:06:44 WARN  org.hibernate.orm.deprecation - HHH90000026: MySQL8Dialect has been deprecated; use org.hibernate.dialect.MySQLDialect instead
2025-04-06 23:06:44 INFO  o.hibernate.orm.connections.pooling - HHH10001005: Database info:
2025-04-06 23:06:45 INFO  o.h.e.t.j.p.i.JtaPlatformInitiator - HHH000489: No JTA platform available (set 'hibernate.transaction.jta.platform' to enable JTA platform integration)
2025-04-06 23:06:45 INFO  o.s.o.j.LocalContainerEntityManagerFactoryBean - Initialized JPA EntityManagerFactory for persistence unit 'default'
2025-04-06 23:06:45 INFO  o.s.d.j.r.query.QueryEnhancerFactory - Hibernate is in classpath; If applicable, HQL parser will be used.
2025-04-06 23:06:46 WARN  o.s.b.a.o.j.JpaBaseConfiguration$JpaWebConfiguration - spring.jpa.open-in-view is enabled by default. Therefore, database queries may be performed during view rendering. Explicitly configure spring.jpa.open-in-view to disable this warning
2025-04-06 23:06:46 INFO  o.s.v.b.OptionalValidatorFactoryBean - Failed to set up a Bean Validation provider: jakarta.validation.NoProviderFoundException: Unable to create a Configuration, because no Jakarta Bean Validation provider could be found. Add a provider like Hibernate Validator (RI) to your classpath.
2025-04-06 23:06:47 INFO  o.s.b.d.a.OptionalLiveReloadServer - LiveReload server is running on port 35729
2025-04-06 23:06:47 INFO  o.a.coyote.http11.Http11NioProtocol - Starting ProtocolHandler ["http-nio-8080"]
2025-04-06 23:06:47 INFO  o.s.b.w.e.tomcat.TomcatWebServer - Tomcat started on port 8080 (http) with context path '/'
2025-04-06 23:06:47 INFO  r.s.s.SpringBooksApplication - Started SpringBooksApplication in 6.142 seconds (process running for 6.856)
2025-04-06 23:07:08 INFO  o.a.c.c.C.[Tomcat].[localhost].[/] - Initializing Spring DispatcherServlet 'dispatcherServlet'
2025-04-06 23:07:08 INFO  o.s.web.servlet.DispatcherServlet - Initializing Servlet 'dispatcherServlet'
2025-04-06 23:07:08 INFO  o.s.web.servlet.DispatcherServlet - Completed initialization in 2 ms
2025-04-06 23:07:08 INFO  r.s.s.aspects.LoggingAspect - >> saveUser() - args: [User(id=null, username=тра1, password=244S9, email=уа244@f1, libraries=null)]
2025-04-06 23:07:09 ERROR r.s.s.aspects.LoggingAspect - !! saveUser() - exception: Пароль должен содержать как минимум 8 символов и включать хотя бы одну цифру и одну заглавную букву.
2025-04-06 23:07:09 WARN  o.s.w.s.m.m.a.ExceptionHandlerExceptionResolver - Resolved [ru.store.springbooks.exception.InvalidPasswordException: Пароль должен содержать как минимум 8 символов и включать хотя бы одну цифру и одну заглавную букву.]
2025-04-06 23:29:01 WARN  com.zaxxer.hikari.pool.HikariPool - HikariPool-1 - Thread starvation or clock leap detected (housekeeper delta=4m47s97ms786µs800ns).
2025-04-06 23:42:00 INFO  o.s.b.w.e.tomcat.GracefulShutdown - Commencing graceful shutdown. Waiting for active requests to complete
2025-04-06 23:42:00 INFO  o.s.b.w.e.tomcat.GracefulShutdown - Graceful shutdown complete
2025-04-06 23:42:00 INFO  r.s.springbooks.utils.CustomCache - Shutting down cache executor...
2025-04-06 23:42:00 INFO  r.s.springbooks.utils.CustomCache - Shutting down cache executor...
2025-04-06 23:42:00 INFO  r.s.springbooks.utils.CustomCache - Shutting down cache executor...
2025-04-06 23:42:00 INFO  r.s.springbooks.utils.CustomCache - Shutting down cache executor...
2025-04-06 23:42:00 INFO  o.s.o.j.LocalContainerEntityManagerFactoryBean - Closing JPA EntityManagerFactory for persistence unit 'default'
2025-04-06 23:42:00 INFO  com.zaxxer.hikari.HikariDataSource - HikariPool-1 - Shutdown initiated...
2025-04-06 23:42:00 INFO  com.zaxxer.hikari.HikariDataSource - HikariPool-1 - Shutdown completed.
2025-04-06 23:46:06 INFO  r.s.s.SpringBooksApplication - Starting SpringBooksApplication using Java 23.0.2 with PID 11980 (D:\VADIM\JAVA\springBooks\target\classes started by HP in D:\VADIM\JAVA\springBooks)
2025-04-06 23:46:06 INFO  r.s.s.SpringBooksApplication - No active profile set, falling back to 1 default profile: "default"
2025-04-06 23:46:06 INFO  o.s.b.d.e.DevToolsPropertyDefaultsPostProcessor - Devtools property defaults active! Set 'spring.devtools.add-properties' to 'false' to disable
2025-04-06 23:46:06 INFO  o.s.b.d.e.DevToolsPropertyDefaultsPostProcessor - For additional web related logging consider setting the 'logging.level.web' property to 'DEBUG'
2025-04-06 23:46:07 INFO  o.s.d.r.c.RepositoryConfigurationDelegate - Bootstrapping Spring Data JPA repositories in DEFAULT mode.
2025-04-06 23:46:07 INFO  o.s.d.r.c.RepositoryConfigurationDelegate - Finished Spring Data repository scanning in 58 ms. Found 4 JPA repository interfaces.
2025-04-06 23:46:08 INFO  o.s.b.w.e.tomcat.TomcatWebServer - Tomcat initialized with port 8080 (http)
2025-04-06 23:46:08 INFO  o.a.coyote.http11.Http11NioProtocol - Initializing ProtocolHandler ["http-nio-8080"]
2025-04-06 23:46:08 INFO  o.a.catalina.core.StandardService - Starting service [Tomcat]
2025-04-06 23:46:08 INFO  o.a.catalina.core.StandardEngine - Starting Servlet engine: [Apache Tomcat/10.1.39]
2025-04-06 23:46:08 INFO  o.a.c.c.C.[Tomcat].[localhost].[/] - Initializing Spring embedded WebApplicationContext
2025-04-06 23:46:08 INFO  o.s.b.w.s.c.ServletWebServerApplicationContext - Root WebApplicationContext: initialization completed in 1958 ms
2025-04-06 23:46:09 INFO  o.h.jpa.internal.util.LogHelper - HHH000204: Processing PersistenceUnitInfo [name: default]
2025-04-06 23:46:09 INFO  org.hibernate.Version - HHH000412: Hibernate ORM core version 6.6.11.Final
2025-04-06 23:46:09 INFO  o.h.c.i.RegionFactoryInitiator - HHH000026: Second-level cache disabled
2025-04-06 23:46:09 INFO  o.s.o.j.p.SpringPersistenceUnitInfo - No LoadTimeWeaver setup: ignoring JPA class transformer
2025-04-06 23:46:09 INFO  com.zaxxer.hikari.HikariDataSource - HikariPool-1 - Starting...
2025-04-06 23:46:09 INFO  com.zaxxer.hikari.pool.HikariPool - HikariPool-1 - Added connection com.mysql.cj.jdbc.ConnectionImpl@3ed4c5e6
2025-04-06 23:46:09 INFO  com.zaxxer.hikari.HikariDataSource - HikariPool-1 - Start completed.
2025-04-06 23:46:09 WARN  org.hibernate.orm.deprecation - HHH90000025: MySQL8Dialect does not need to be specified explicitly using 'hibernate.dialect' (remove the property setting and it will be selected by default)
2025-04-06 23:46:09 WARN  org.hibernate.orm.deprecation - HHH90000026: MySQL8Dialect has been deprecated; use org.hibernate.dialect.MySQLDialect instead
2025-04-06 23:46:09 INFO  o.hibernate.orm.connections.pooling - HHH10001005: Database info:
2025-04-06 23:46:10 INFO  o.h.e.t.j.p.i.JtaPlatformInitiator - HHH000489: No JTA platform available (set 'hibernate.transaction.jta.platform' to enable JTA platform integration)
2025-04-06 23:46:10 INFO  o.s.o.j.LocalContainerEntityManagerFactoryBean - Initialized JPA EntityManagerFactory for persistence unit 'default'
2025-04-06 23:46:11 INFO  o.s.d.j.r.query.QueryEnhancerFactory - Hibernate is in classpath; If applicable, HQL parser will be used.
2025-04-06 23:46:12 WARN  o.s.b.a.o.j.JpaBaseConfiguration$JpaWebConfiguration - spring.jpa.open-in-view is enabled by default. Therefore, database queries may be performed during view rendering. Explicitly configure spring.jpa.open-in-view to disable this warning
2025-04-06 23:46:12 INFO  o.s.v.b.OptionalValidatorFactoryBean - Failed to set up a Bean Validation provider: jakarta.validation.NoProviderFoundException: Unable to create a Configuration, because no Jakarta Bean Validation provider could be found. Add a provider like Hibernate Validator (RI) to your classpath.
2025-04-06 23:46:12 INFO  o.s.b.d.a.OptionalLiveReloadServer - LiveReload server is running on port 35729
2025-04-06 23:46:12 INFO  o.a.coyote.http11.Http11NioProtocol - Starting ProtocolHandler ["http-nio-8080"]
2025-04-06 23:46:12 INFO  o.s.b.w.e.tomcat.TomcatWebServer - Tomcat started on port 8080 (http) with context path '/'
2025-04-06 23:46:12 INFO  r.s.s.SpringBooksApplication - Started SpringBooksApplication in 6.561 seconds (process running for 7.214)
2025-04-06 23:46:39 INFO  o.a.c.c.C.[Tomcat].[localhost].[/] - Initializing Spring DispatcherServlet 'dispatcherServlet'
2025-04-06 23:46:39 INFO  o.s.web.servlet.DispatcherServlet - Initializing Servlet 'dispatcherServlet'
2025-04-06 23:46:39 INFO  o.s.web.servlet.DispatcherServlet - Completed initialization in 2 ms
2025-04-06 23:46:39 INFO  r.s.s.aspects.LoggingAspect - >> saveUser() - args: [User(id=null, username=тра1, password=244S4333429, email=уа244@f1, libraries=null)]
2025-04-06 23:46:39 INFO  r.s.springbooks.utils.CustomCache - Added entry: 7=User(id=7, username=тра1, password=244S4333429, email=уа244@f1, libraries=null) (Cache size: 1)
2025-04-06 23:46:39 INFO  r.s.s.service.impl.UserServiceImpl - User saved and added to cache: User(id=7, username=тра1, password=244S4333429, email=уа244@f1, libraries=null)
2025-04-06 23:46:39 INFO  r.s.s.aspects.LoggingAspect - << saveUser() - result: User(id=7, username=тра1, password=244S4333429, email=уа244@f1, libraries=null)
2025-04-06 23:46:40 INFO  r.s.s.aspects.LoggingAspect - >> saveUser() - args: [User(id=null, username=тра1, password=244S4333429, email=уа244@f1, libraries=null)]
2025-04-06 23:46:40 ERROR r.s.s.aspects.LoggingAspect - !! saveUser() - exception: Пользователь с email 'уа244@f1' уже существует
2025-04-06 23:46:40 WARN  o.s.w.s.m.m.a.ExceptionHandlerExceptionResolver - Resolved [ru.store.springbooks.exception.EmailAlreadyExistsException: Пользователь с email 'уа244@f1' уже существует]
2025-04-06 23:47:39 INFO  r.s.springbooks.utils.CustomCache - Removed entry: 7=User(id=7, username=тра1, password=244S4333429, email=уа244@f1, libraries=null) (Cache size: 0)
2025-04-06 23:47:39 INFO  r.s.springbooks.utils.CustomCache - Automatically removed entry: 7 (Cache size: 0)